mode: atomic
github.com/peterkloss/brain/packages/validation/check-skill-exists.go:31.69,37.21 3 14
github.com/peterkloss/brain/packages/validation/check-skill-exists.go:37.21,48.3 1 1
github.com/peterkloss/brain/packages/validation/check-skill-exists.go:51.2,55.54 3 13
github.com/peterkloss/brain/packages/validation/check-skill-exists.go:55.54,67.3 1 2
github.com/peterkloss/brain/packages/validation/check-skill-exists.go:68.2,76.16 3 11
github.com/peterkloss/brain/packages/validation/check-skill-exists.go:76.16,89.3 2 0
github.com/peterkloss/brain/packages/validation/check-skill-exists.go:90.2,98.31 3 11
github.com/peterkloss/brain/packages/validation/check-skill-exists.go:98.31,111.3 2 2
github.com/peterkloss/brain/packages/validation/check-skill-exists.go:113.2,113.19 1 9
github.com/peterkloss/brain/packages/validation/check-skill-exists.go:113.19,126.3 2 0
github.com/peterkloss/brain/packages/validation/check-skill-exists.go:127.2,134.28 2 9
github.com/peterkloss/brain/packages/validation/check-skill-exists.go:134.28,140.3 1 1
github.com/peterkloss/brain/packages/validation/check-skill-exists.go:140.8,147.3 2 8
github.com/peterkloss/brain/packages/validation/check-skill-exists.go:150.2,150.35 1 9
github.com/peterkloss/brain/packages/validation/check-skill-exists.go:150.35,156.3 1 2
github.com/peterkloss/brain/packages/validation/check-skill-exists.go:156.8,163.3 2 7
github.com/peterkloss/brain/packages/validation/check-skill-exists.go:166.2,167.31 2 9
github.com/peterkloss/brain/packages/validation/check-skill-exists.go:167.31,168.20 1 44
github.com/peterkloss/brain/packages/validation/check-skill-exists.go:168.20,170.9 2 3
github.com/peterkloss/brain/packages/validation/check-skill-exists.go:174.2,177.15 3 9
github.com/peterkloss/brain/packages/validation/check-skill-exists.go:177.15,179.3 1 6
github.com/peterkloss/brain/packages/validation/check-skill-exists.go:179.8,181.3 1 3
github.com/peterkloss/brain/packages/validation/check-skill-exists.go:183.2,183.15 1 9
github.com/peterkloss/brain/packages/validation/check-skill-exists.go:188.52,191.54 2 3
github.com/peterkloss/brain/packages/validation/check-skill-exists.go:191.54,193.3 1 1
github.com/peterkloss/brain/packages/validation/check-skill-exists.go:195.2,196.16 2 2
github.com/peterkloss/brain/packages/validation/check-skill-exists.go:196.16,198.3 1 0
github.com/peterkloss/brain/packages/validation/check-skill-exists.go:200.2,201.32 2 2
github.com/peterkloss/brain/packages/validation/check-skill-exists.go:201.32,202.21 1 6
github.com/peterkloss/brain/packages/validation/check-skill-exists.go:202.21,203.12 1 0
github.com/peterkloss/brain/packages/validation/check-skill-exists.go:206.3,207.47 2 6
github.com/peterkloss/brain/packages/validation/check-skill-exists.go:207.47,209.4 1 5
github.com/peterkloss/brain/packages/validation/check-skill-exists.go:212.2,212.20 1 2
github.com/peterkloss/brain/packages/validation/check-skill-exists.go:217.79,219.16 2 1
github.com/peterkloss/brain/packages/validation/check-skill-exists.go:219.16,221.3 1 0
github.com/peterkloss/brain/packages/validation/check-skill-exists.go:223.2,224.31 2 1
github.com/peterkloss/brain/packages/validation/check-skill-exists.go:224.31,226.3 1 2
github.com/peterkloss/brain/packages/validation/check-skill-exists.go:228.2,228.21 1 1
github.com/peterkloss/brain/packages/validation/check-skill-exists.go:242.74,251.33 2 10
github.com/peterkloss/brain/packages/validation/check-skill-exists.go:251.33,253.3 1 1
github.com/peterkloss/brain/packages/validation/check-skill-exists.go:255.2,255.18 1 9
github.com/peterkloss/brain/packages/validation/check-skill-exists.go:255.18,257.3 1 1
github.com/peterkloss/brain/packages/validation/check-skill-exists.go:259.2,261.55 2 8
github.com/peterkloss/brain/packages/validation/check-skill-exists.go:261.55,263.3 1 0
github.com/peterkloss/brain/packages/validation/check-skill-exists.go:266.2,269.16 3 8
github.com/peterkloss/brain/packages/validation/check-skill-exists.go:269.16,271.3 1 0
github.com/peterkloss/brain/packages/validation/check-skill-exists.go:273.2,273.32 1 8
github.com/peterkloss/brain/packages/validation/check-skill-exists.go:273.32,274.20 1 8
github.com/peterkloss/brain/packages/validation/check-skill-exists.go:274.20,275.12 1 0
github.com/peterkloss/brain/packages/validation/check-skill-exists.go:278.3,279.56 2 8
github.com/peterkloss/brain/packages/validation/check-skill-exists.go:279.56,280.12 1 0
github.com/peterkloss/brain/packages/validation/check-skill-exists.go:283.3,283.32 1 8
github.com/peterkloss/brain/packages/validation/check-skill-exists.go:283.32,285.4 1 7
github.com/peterkloss/brain/packages/validation/check-skill-exists.go:288.2,288.18 1 1
github.com/peterkloss/brain/packages/validation/check-skill-exists.go:293.69,296.55 2 7
github.com/peterkloss/brain/packages/validation/check-skill-exists.go:296.55,298.3 1 3
github.com/peterkloss/brain/packages/validation/check-skill-exists.go:300.2,301.16 2 4
github.com/peterkloss/brain/packages/validation/check-skill-exists.go:301.16,303.3 1 0
github.com/peterkloss/brain/packages/validation/check-skill-exists.go:305.2,306.32 2 4
github.com/peterkloss/brain/packages/validation/check-skill-exists.go:306.32,307.20 1 8
github.com/peterkloss/brain/packages/validation/check-skill-exists.go:307.20,308.12 1 0
github.com/peterkloss/brain/packages/validation/check-skill-exists.go:311.3,312.55 2 8
github.com/peterkloss/brain/packages/validation/check-skill-exists.go:312.55,315.4 1 7
github.com/peterkloss/brain/packages/validation/check-skill-exists.go:318.2,318.21 1 4
github.com/peterkloss/brain/packages/validation/check-skill-exists.go:323.72,327.32 3 1
github.com/peterkloss/brain/packages/validation/check-skill-exists.go:327.32,329.17 2 5
github.com/peterkloss/brain/packages/validation/check-skill-exists.go:329.17,331.4 1 0
github.com/peterkloss/brain/packages/validation/check-skill-exists.go:332.3,332.41 1 5
github.com/peterkloss/brain/packages/validation/check-skill-exists.go:332.41,334.4 1 3
github.com/peterkloss/brain/packages/validation/check-skill-exists.go:337.2,337.20 1 1
github.com/peterkloss/brain/packages/validation/check-tasks.go:7.66,11.29 3 0
github.com/peterkloss/brain/packages/validation/check-tasks.go:11.29,15.15 3 0
github.com/peterkloss/brain/packages/validation/check-tasks.go:15.15,17.4 1 0
github.com/peterkloss/brain/packages/validation/check-tasks.go:19.3,19.43 1 0
github.com/peterkloss/brain/packages/validation/check-tasks.go:19.43,22.35 2 0
github.com/peterkloss/brain/packages/validation/check-tasks.go:22.35,24.5 1 0
github.com/peterkloss/brain/packages/validation/check-tasks.go:28.2,28.31 1 0
github.com/peterkloss/brain/packages/validation/check-tasks.go:28.31,39.3 2 0
github.com/peterkloss/brain/packages/validation/check-tasks.go:41.2,41.43 1 0
github.com/peterkloss/brain/packages/validation/check-tasks.go:41.43,47.3 1 0
github.com/peterkloss/brain/packages/validation/check-tasks.go:49.2,54.3 1 0
github.com/peterkloss/brain/packages/validation/detect-scenario.go:64.51,68.48 2 0
github.com/peterkloss/brain/packages/validation/detect-scenario.go:68.48,72.43 3 0
github.com/peterkloss/brain/packages/validation/detect-scenario.go:72.43,73.46 1 0
github.com/peterkloss/brain/packages/validation/detect-scenario.go:73.46,75.5 1 0
github.com/peterkloss/brain/packages/validation/detect-scenario.go:78.3,78.31 1 0
github.com/peterkloss/brain/packages/validation/detect-scenario.go:78.31,87.4 1 0
github.com/peterkloss/brain/packages/validation/detect-scenario.go:90.2,92.3 1 0
github.com/peterkloss/brain/packages/validation/detect-skill-violation.go:43.83,52.16 3 6
github.com/peterkloss/brain/packages/validation/detect-skill-violation.go:52.16,56.3 3 0
github.com/peterkloss/brain/packages/validation/detect-skill-violation.go:59.2,60.20 2 6
github.com/peterkloss/brain/packages/validation/detect-skill-violation.go:60.20,64.3 3 2
github.com/peterkloss/brain/packages/validation/detect-skill-violation.go:67.2,69.27 3 4
github.com/peterkloss/brain/packages/validation/detect-skill-violation.go:69.27,72.3 2 1
github.com/peterkloss/brain/packages/validation/detect-skill-violation.go:75.2,76.28 2 3
github.com/peterkloss/brain/packages/validation/detect-skill-violation.go:76.28,79.3 2 0
github.com/peterkloss/brain/packages/validation/detect-skill-violation.go:81.2,90.25 6 3
github.com/peterkloss/brain/packages/validation/detect-skill-violation.go:90.25,91.32 1 1
github.com/peterkloss/brain/packages/validation/detect-skill-violation.go:91.32,97.4 1 1
github.com/peterkloss/brain/packages/validation/detect-skill-violation.go:98.3,99.70 2 1
github.com/peterkloss/brain/packages/validation/detect-skill-violation.go:100.8,107.3 2 2
github.com/peterkloss/brain/packages/validation/detect-skill-violation.go:109.2,113.15 2 3
github.com/peterkloss/brain/packages/validation/detect-skill-violation.go:118.88,129.42 4 13
github.com/peterkloss/brain/packages/validation/detect-skill-violation.go:129.42,133.36 3 16
github.com/peterkloss/brain/packages/validation/detect-skill-violation.go:133.36,134.23 1 17
github.com/peterkloss/brain/packages/validation/detect-skill-violation.go:134.23,136.5 1 17
github.com/peterkloss/brain/packages/validation/detect-skill-violation.go:140.2,143.34 2 13
github.com/peterkloss/brain/packages/validation/detect-skill-violation.go:143.34,145.3 1 15
github.com/peterkloss/brain/packages/validation/detect-skill-violation.go:148.2,149.25 2 13
github.com/peterkloss/brain/packages/validation/detect-skill-violation.go:149.25,150.32 1 10
github.com/peterkloss/brain/packages/validation/detect-skill-violation.go:150.32,156.4 1 17
github.com/peterkloss/brain/packages/validation/detect-skill-violation.go:157.3,158.77 2 10
github.com/peterkloss/brain/packages/validation/detect-skill-violation.go:159.8,166.3 2 3
github.com/peterkloss/brain/packages/validation/detect-skill-violation.go:168.2,170.15 2 13
github.com/peterkloss/brain/packages/validation/detect-skill-violation.go:174.42,177.16 3 6
github.com/peterkloss/brain/packages/validation/detect-skill-violation.go:177.16,179.3 1 2
github.com/peterkloss/brain/packages/validation/detect-skill-violation.go:180.2,180.42 1 4
github.com/peterkloss/brain/packages/validation/detect-skill-violation.go:184.65,187.16 2 3
github.com/peterkloss/brain/packages/validation/detect-skill-violation.go:187.16,189.3 1 0
github.com/peterkloss/brain/packages/validation/detect-skill-violation.go:189.8,191.3 1 3
github.com/peterkloss/brain/packages/validation/detect-skill-violation.go:193.2,193.14 1 3
github.com/peterkloss/brain/packages/validation/detect-skill-violation.go:197.66,200.16 3 0
github.com/peterkloss/brain/packages/validation/detect-skill-violation.go:200.16,202.3 1 0
github.com/peterkloss/brain/packages/validation/detect-skill-violation.go:204.2,206.29 3 0
github.com/peterkloss/brain/packages/validation/detect-skill-violation.go:206.29,208.17 2 0
github.com/peterkloss/brain/packages/validation/detect-skill-violation.go:208.17,209.12 1 0
github.com/peterkloss/brain/packages/validation/detect-skill-violation.go:211.3,211.25 1 0
github.com/peterkloss/brain/packages/validation/detect-skill-violation.go:211.25,213.4 1 0
github.com/peterkloss/brain/packages/validation/detect-skill-violation.go:216.2,216.14 1 0
github.com/peterkloss/brain/packages/validation/detect-skill-violation.go:220.65,223.86 2 3
github.com/peterkloss/brain/packages/validation/detect-skill-violation.go:223.86,224.17 1 21
github.com/peterkloss/brain/packages/validation/detect-skill-violation.go:224.17,226.4 1 0
github.com/peterkloss/brain/packages/validation/detect-skill-violation.go:229.3,229.19 1 21
github.com/peterkloss/brain/packages/validation/detect-skill-violation.go:229.19,231.48 2 18
github.com/peterkloss/brain/packages/validation/detect-skill-violation.go:231.48,233.5 1 3
github.com/peterkloss/brain/packages/validation/detect-skill-violation.go:234.4,234.14 1 15
github.com/peterkloss/brain/packages/validation/detect-skill-violation.go:237.3,237.25 1 3
github.com/peterkloss/brain/packages/validation/detect-skill-violation.go:237.25,240.18 2 3
github.com/peterkloss/brain/packages/validation/detect-skill-violation.go:240.18,242.5 1 3
github.com/peterkloss/brain/packages/validation/detect-skill-violation.go:245.3,245.13 1 3
github.com/peterkloss/brain/packages/validation/detect-skill-violation.go:248.2,248.16 1 3
github.com/peterkloss/brain/packages/validation/detect-skill-violation.go:248.16,250.3 1 0
github.com/peterkloss/brain/packages/validation/detect-skill-violation.go:252.2,252.14 1 3
github.com/peterkloss/brain/packages/validation/detect-skill-violation.go:256.37,259.2 2 3
github.com/peterkloss/brain/packages/validation/detect-skill-violation.go:262.91,266.29 3 3
github.com/peterkloss/brain/packages/validation/detect-skill-violation.go:266.29,269.17 3 3
github.com/peterkloss/brain/packages/validation/detect-skill-violation.go:269.17,270.12 1 0
github.com/peterkloss/brain/packages/validation/detect-skill-violation.go:273.3,274.30 2 3
github.com/peterkloss/brain/packages/validation/detect-skill-violation.go:274.30,278.39 2 1
github.com/peterkloss/brain/packages/validation/detect-skill-violation.go:278.39,280.5 1 1
github.com/peterkloss/brain/packages/validation/detect-skill-violation.go:285.2,286.34 2 3
github.com/peterkloss/brain/packages/validation/detect-skill-violation.go:286.34,288.3 1 1
github.com/peterkloss/brain/packages/validation/detect-skill-violation.go:290.2,290.25 1 3
github.com/peterkloss/brain/packages/validation/detect-skill-violation.go:294.74,298.35 3 19
github.com/peterkloss/brain/packages/validation/detect-skill-violation.go:298.35,299.45 1 51
github.com/peterkloss/brain/packages/validation/detect-skill-violation.go:299.45,300.33 1 157
github.com/peterkloss/brain/packages/validation/detect-skill-violation.go:300.33,308.10 3 18
github.com/peterkloss/brain/packages/validation/detect-skill-violation.go:313.2,313.19 1 19
github.com/peterkloss/brain/packages/validation/detect-skill-violation.go:317.43,320.22 3 21
github.com/peterkloss/brain/packages/validation/detect-skill-violation.go:320.22,322.3 1 21
github.com/peterkloss/brain/packages/validation/detect-skill-violation.go:323.2,323.11 1 0
github.com/peterkloss/brain/packages/validation/detect-skill-violation.go:327.69,333.29 4 11
github.com/peterkloss/brain/packages/validation/detect-skill-violation.go:333.29,335.38 2 11
github.com/peterkloss/brain/packages/validation/detect-skill-violation.go:335.38,337.4 1 16
github.com/peterkloss/brain/packages/validation/detect-skill-violation.go:338.3,338.23 1 11
github.com/peterkloss/brain/packages/validation/detect-skill-violation.go:341.2,345.20 4 11
github.com/peterkloss/brain/packages/validation/detect-skill-violation.go:350.71,352.16 2 3
github.com/peterkloss/brain/packages/validation/detect-skill-violation.go:352.16,354.3 1 1
github.com/peterkloss/brain/packages/validation/detect-skill-violation.go:355.2,361.21 5 2
github.com/peterkloss/brain/packages/validation/detect-skill-violation.go:361.21,365.45 3 13
github.com/peterkloss/brain/packages/validation/detect-skill-violation.go:365.45,366.33 1 46
github.com/peterkloss/brain/packages/validation/detect-skill-violation.go:366.33,374.10 3 3
github.com/peterkloss/brain/packages/validation/detect-skill-violation.go:379.2,379.38 1 2
github.com/peterkloss/brain/packages/validation/detect-skill-violation.go:379.38,381.3 1 0
github.com/peterkloss/brain/packages/validation/detect-skill-violation.go:383.2,383.24 1 2
github.com/peterkloss/brain/packages/validation/detect-skill-violation.go:387.58,389.2 1 2
github.com/peterkloss/brain/packages/validation/detect-skill-violation.go:392.53,394.2 1 1
github.com/peterkloss/brain/packages/validation/detect-test-coverage-gaps.go:135.80,143.25 2 21
github.com/peterkloss/brain/packages/validation/detect-test-coverage-gaps.go:143.25,145.3 1 1
github.com/peterkloss/brain/packages/validation/detect-test-coverage-gaps.go:148.2,149.16 2 21
github.com/peterkloss/brain/packages/validation/detect-test-coverage-gaps.go:149.16,153.3 3 0
github.com/peterkloss/brain/packages/validation/detect-test-coverage-gaps.go:154.2,158.20 3 21
github.com/peterkloss/brain/packages/validation/detect-test-coverage-gaps.go:158.20,162.3 3 1
github.com/peterkloss/brain/packages/validation/detect-test-coverage-gaps.go:165.2,165.25 1 20
github.com/peterkloss/brain/packages/validation/detect-test-coverage-gaps.go:165.25,167.3 1 1
github.com/peterkloss/brain/packages/validation/detect-test-coverage-gaps.go:168.2,172.9 3 20
github.com/peterkloss/brain/packages/validation/detect-test-coverage-gaps.go:172.9,176.3 3 1
github.com/peterkloss/brain/packages/validation/detect-test-coverage-gaps.go:179.2,184.21 4 19
github.com/peterkloss/brain/packages/validation/detect-test-coverage-gaps.go:184.21,186.3 1 1
github.com/peterkloss/brain/packages/validation/detect-test-coverage-gaps.go:186.8,188.3 1 18
github.com/peterkloss/brain/packages/validation/detect-test-coverage-gaps.go:191.2,193.28 2 19
github.com/peterkloss/brain/packages/validation/detect-test-coverage-gaps.go:193.28,198.3 4 2
github.com/peterkloss/brain/packages/validation/detect-test-coverage-gaps.go:200.2,206.36 4 17
github.com/peterkloss/brain/packages/validation/detect-test-coverage-gaps.go:206.36,210.15 3 44
github.com/peterkloss/brain/packages/validation/detect-test-coverage-gaps.go:210.15,216.4 1 33
github.com/peterkloss/brain/packages/validation/detect-test-coverage-gaps.go:219.2,224.33 4 17
github.com/peterkloss/brain/packages/validation/detect-test-coverage-gaps.go:224.33,226.3 1 17
github.com/peterkloss/brain/packages/validation/detect-test-coverage-gaps.go:226.8,228.3 1 0
github.com/peterkloss/brain/packages/validation/detect-test-coverage-gaps.go:231.2,231.67 1 17
github.com/peterkloss/brain/packages/validation/detect-test-coverage-gaps.go:231.67,238.3 2 2
github.com/peterkloss/brain/packages/validation/detect-test-coverage-gaps.go:238.8,245.3 2 15
github.com/peterkloss/brain/packages/validation/detect-test-coverage-gaps.go:248.2,248.27 1 17
github.com/peterkloss/brain/packages/validation/detect-test-coverage-gaps.go:248.27,254.3 1 15
github.com/peterkloss/brain/packages/validation/detect-test-coverage-gaps.go:254.8,260.3 1 2
github.com/peterkloss/brain/packages/validation/detect-test-coverage-gaps.go:262.2,264.18 2 17
github.com/peterkloss/brain/packages/validation/detect-test-coverage-gaps.go:264.18,265.28 1 15
github.com/peterkloss/brain/packages/validation/detect-test-coverage-gaps.go:265.28,267.4 1 13
github.com/peterkloss/brain/packages/validation/detect-test-coverage-gaps.go:267.9,269.4 1 2
github.com/peterkloss/brain/packages/validation/detect-test-coverage-gaps.go:270.8,273.3 2 2
github.com/peterkloss/brain/packages/validation/detect-test-coverage-gaps.go:275.2,275.15 1 17
github.com/peterkloss/brain/packages/validation/detect-test-coverage-gaps.go:279.108,285.2 1 1
github.com/peterkloss/brain/packages/validation/detect-test-coverage-gaps.go:288.84,294.2 1 1
github.com/peterkloss/brain/packages/validation/detect-test-coverage-gaps.go:297.46,300.16 3 21
github.com/peterkloss/brain/packages/validation/detect-test-coverage-gaps.go:300.16,302.3 1 1
github.com/peterkloss/brain/packages/validation/detect-test-coverage-gaps.go:303.2,303.42 1 20
github.com/peterkloss/brain/packages/validation/detect-test-coverage-gaps.go:307.45,310.79 2 1
github.com/peterkloss/brain/packages/validation/detect-test-coverage-gaps.go:310.79,311.33 1 35
github.com/peterkloss/brain/packages/validation/detect-test-coverage-gaps.go:311.33,313.4 1 11
github.com/peterkloss/brain/packages/validation/detect-test-coverage-gaps.go:316.3,318.37 1 24
github.com/peterkloss/brain/packages/validation/detect-test-coverage-gaps.go:318.37,320.4 1 18
github.com/peterkloss/brain/packages/validation/detect-test-coverage-gaps.go:322.3,323.45 2 6
github.com/peterkloss/brain/packages/validation/detect-test-coverage-gaps.go:323.45,324.46 1 36
github.com/peterkloss/brain/packages/validation/detect-test-coverage-gaps.go:324.46,325.64 1 54
github.com/peterkloss/brain/packages/validation/detect-test-coverage-gaps.go:325.64,327.6 1 6
github.com/peterkloss/brain/packages/validation/detect-test-coverage-gaps.go:330.3,330.13 1 6
github.com/peterkloss/brain/packages/validation/detect-test-coverage-gaps.go:334.2,336.34 3 1
github.com/peterkloss/brain/packages/validation/detect-test-coverage-gaps.go:336.34,337.23 1 2
github.com/peterkloss/brain/packages/validation/detect-test-coverage-gaps.go:337.23,340.4 2 1
github.com/peterkloss/brain/packages/validation/detect-test-coverage-gaps.go:343.2,343.17 1 1
github.com/peterkloss/brain/packages/validation/detect-test-coverage-gaps.go:347.91,357.27 4 19
github.com/peterkloss/brain/packages/validation/detect-test-coverage-gaps.go:357.27,360.3 2 1
github.com/peterkloss/brain/packages/validation/detect-test-coverage-gaps.go:362.2,362.17 1 19
github.com/peterkloss/brain/packages/validation/detect-test-coverage-gaps.go:366.43,370.16 3 1
github.com/peterkloss/brain/packages/validation/detect-test-coverage-gaps.go:370.16,372.3 1 0
github.com/peterkloss/brain/packages/validation/detect-test-coverage-gaps.go:373.2,376.21 3 1
github.com/peterkloss/brain/packages/validation/detect-test-coverage-gaps.go:376.21,379.50 2 2
github.com/peterkloss/brain/packages/validation/detect-test-coverage-gaps.go:379.50,381.4 1 1
github.com/peterkloss/brain/packages/validation/detect-test-coverage-gaps.go:384.2,384.17 1 1
github.com/peterkloss/brain/packages/validation/detect-test-coverage-gaps.go:388.83,393.16 4 1
github.com/peterkloss/brain/packages/validation/detect-test-coverage-gaps.go:393.16,395.3 1 0
github.com/peterkloss/brain/packages/validation/detect-test-coverage-gaps.go:397.2,398.29 2 1
github.com/peterkloss/brain/packages/validation/detect-test-coverage-gaps.go:398.29,400.17 2 1
github.com/peterkloss/brain/packages/validation/detect-test-coverage-gaps.go:400.17,401.12 1 0
github.com/peterkloss/brain/packages/validation/detect-test-coverage-gaps.go:405.3,406.49 2 1
github.com/peterkloss/brain/packages/validation/detect-test-coverage-gaps.go:406.49,407.67 1 1
github.com/peterkloss/brain/packages/validation/detect-test-coverage-gaps.go:407.67,410.10 3 1
github.com/peterkloss/brain/packages/validation/detect-test-coverage-gaps.go:415.2,415.14 1 1
github.com/peterkloss/brain/packages/validation/detect-test-coverage-gaps.go:419.87,422.79 2 18
github.com/peterkloss/brain/packages/validation/detect-test-coverage-gaps.go:422.79,423.33 1 573
github.com/peterkloss/brain/packages/validation/detect-test-coverage-gaps.go:423.33,425.4 1 193
github.com/peterkloss/brain/packages/validation/detect-test-coverage-gaps.go:428.3,428.77 1 380
github.com/peterkloss/brain/packages/validation/detect-test-coverage-gaps.go:428.77,430.4 1 306
github.com/peterkloss/brain/packages/validation/detect-test-coverage-gaps.go:433.3,434.49 2 74
github.com/peterkloss/brain/packages/validation/detect-test-coverage-gaps.go:434.49,435.67 1 77
github.com/peterkloss/brain/packages/validation/detect-test-coverage-gaps.go:435.67,437.10 2 47
github.com/peterkloss/brain/packages/validation/detect-test-coverage-gaps.go:441.3,441.13 1 74
github.com/peterkloss/brain/packages/validation/detect-test-coverage-gaps.go:444.2,444.14 1 18
github.com/peterkloss/brain/packages/validation/detect-test-coverage-gaps.go:448.69,452.35 3 19
github.com/peterkloss/brain/packages/validation/detect-test-coverage-gaps.go:452.35,454.17 2 146
github.com/peterkloss/brain/packages/validation/detect-test-coverage-gaps.go:454.17,456.4 1 146
github.com/peterkloss/brain/packages/validation/detect-test-coverage-gaps.go:459.2,459.29 1 19
github.com/peterkloss/brain/packages/validation/detect-test-coverage-gaps.go:459.29,464.39 3 48
github.com/peterkloss/brain/packages/validation/detect-test-coverage-gaps.go:464.39,465.38 1 365
github.com/peterkloss/brain/packages/validation/detect-test-coverage-gaps.go:465.38,467.10 2 4
github.com/peterkloss/brain/packages/validation/detect-test-coverage-gaps.go:471.3,471.15 1 48
github.com/peterkloss/brain/packages/validation/detect-test-coverage-gaps.go:471.15,473.4 1 44
github.com/peterkloss/brain/packages/validation/detect-test-coverage-gaps.go:476.2,476.17 1 19
github.com/peterkloss/brain/packages/validation/detect-test-coverage-gaps.go:480.97,487.31 6 88
github.com/peterkloss/brain/packages/validation/detect-test-coverage-gaps.go:488.18,489.45 1 70
github.com/peterkloss/brain/packages/validation/detect-test-coverage-gaps.go:490.20,491.47 1 4
github.com/peterkloss/brain/packages/validation/detect-test-coverage-gaps.go:492.18,493.45 1 6
github.com/peterkloss/brain/packages/validation/detect-test-coverage-gaps.go:494.18,495.45 1 0
github.com/peterkloss/brain/packages/validation/detect-test-coverage-gaps.go:496.18,497.50 1 4
github.com/peterkloss/brain/packages/validation/detect-test-coverage-gaps.go:498.18,499.45 1 4
github.com/peterkloss/brain/packages/validation/detect-test-coverage-gaps.go:500.10,501.56 1 0
github.com/peterkloss/brain/packages/validation/detect-test-coverage-gaps.go:504.2,504.41 1 88
github.com/peterkloss/brain/packages/validation/detect-test-coverage-gaps.go:508.89,516.29 6 44
github.com/peterkloss/brain/packages/validation/detect-test-coverage-gaps.go:516.29,518.3 1 9
github.com/peterkloss/brain/packages/validation/detect-test-coverage-gaps.go:521.2,523.30 3 35
github.com/peterkloss/brain/packages/validation/detect-test-coverage-gaps.go:523.30,525.3 1 1
github.com/peterkloss/brain/packages/validation/detect-test-coverage-gaps.go:528.2,528.41 1 34
github.com/peterkloss/brain/packages/validation/detect-test-coverage-gaps.go:528.41,531.17 2 29
github.com/peterkloss/brain/packages/validation/detect-test-coverage-gaps.go:531.17,534.34 3 29
github.com/peterkloss/brain/packages/validation/detect-test-coverage-gaps.go:534.34,536.5 1 0
github.com/peterkloss/brain/packages/validation/detect-test-coverage-gaps.go:541.2,541.41 1 34
github.com/peterkloss/brain/packages/validation/detect-test-coverage-gaps.go:541.41,544.30 3 1
github.com/peterkloss/brain/packages/validation/detect-test-coverage-gaps.go:544.30,546.4 1 0
github.com/peterkloss/brain/packages/validation/detect-test-coverage-gaps.go:549.3,550.34 2 1
github.com/peterkloss/brain/packages/validation/detect-test-coverage-gaps.go:550.34,552.4 1 0
github.com/peterkloss/brain/packages/validation/detect-test-coverage-gaps.go:556.2,556.114 1 34
github.com/peterkloss/brain/packages/validation/detect-test-coverage-gaps.go:556.114,559.31 3 2
github.com/peterkloss/brain/packages/validation/detect-test-coverage-gaps.go:559.31,561.4 1 1
github.com/peterkloss/brain/packages/validation/detect-test-coverage-gaps.go:564.2,564.14 1 33
github.com/peterkloss/brain/packages/validation/detect-test-coverage-gaps.go:568.56,570.16 2 66
github.com/peterkloss/brain/packages/validation/detect-test-coverage-gaps.go:570.16,572.3 1 0
github.com/peterkloss/brain/packages/validation/detect-test-coverage-gaps.go:574.2,574.43 1 66
github.com/peterkloss/brain/packages/validation/detect-test-coverage-gaps.go:578.50,580.2 1 19
github.com/peterkloss/brain/packages/validation/detect-test-coverage-gaps.go:583.82,584.23 1 2
github.com/peterkloss/brain/packages/validation/detect-test-coverage-gaps.go:584.23,586.3 1 0
github.com/peterkloss/brain/packages/validation/detect-test-coverage-gaps.go:588.2,593.28 4 2
github.com/peterkloss/brain/packages/validation/detect-test-coverage-gaps.go:593.28,595.3 1 1
github.com/peterkloss/brain/packages/validation/detect-test-coverage-gaps.go:597.2,597.31 1 2
github.com/peterkloss/brain/packages/validation/detect-test-coverage-gaps.go:597.31,603.3 5 11
github.com/peterkloss/brain/packages/validation/detect-test-coverage-gaps.go:605.2,605.23 1 2
github.com/peterkloss/brain/packages/validation/detect-test-coverage-gaps.go:605.23,609.3 3 1
github.com/peterkloss/brain/packages/validation/detect-test-coverage-gaps.go:611.2,611.20 1 2
github.com/peterkloss/brain/packages/validation/detect-test-coverage-gaps.go:615.39,617.36 2 2
github.com/peterkloss/brain/packages/validation/detect-test-coverage-gaps.go:617.36,619.3 1 13
github.com/peterkloss/brain/packages/validation/detect-test-coverage-gaps.go:620.2,620.18 1 2
github.com/peterkloss/brain/packages/validation/detect-test-coverage-gaps.go:624.60,626.2 1 1
github.com/peterkloss/brain/packages/validation/invoke-batch-pr-review.go:68.78,72.2 3 0
github.com/peterkloss/brain/packages/validation/invoke-batch-pr-review.go:75.95,80.2 4 0
github.com/peterkloss/brain/packages/validation/invoke-batch-pr-review.go:86.56,88.16 2 4
github.com/peterkloss/brain/packages/validation/invoke-batch-pr-review.go:88.16,90.3 1 2
github.com/peterkloss/brain/packages/validation/invoke-batch-pr-review.go:91.2,91.39 1 2
github.com/peterkloss/brain/packages/validation/invoke-batch-pr-review.go:95.70,97.16 2 14
github.com/peterkloss/brain/packages/validation/invoke-batch-pr-review.go:97.16,99.3 1 3
github.com/peterkloss/brain/packages/validation/invoke-batch-pr-review.go:101.2,104.64 2 11
github.com/peterkloss/brain/packages/validation/invoke-batch-pr-review.go:104.64,106.3 1 1
github.com/peterkloss/brain/packages/validation/invoke-batch-pr-review.go:108.2,108.30 1 10
github.com/peterkloss/brain/packages/validation/invoke-batch-pr-review.go:108.30,110.3 1 1
github.com/peterkloss/brain/packages/validation/invoke-batch-pr-review.go:112.2,112.32 1 9
github.com/peterkloss/brain/packages/validation/invoke-batch-pr-review.go:116.104,122.16 3 10
github.com/peterkloss/brain/packages/validation/invoke-batch-pr-review.go:122.16,126.3 3 2
github.com/peterkloss/brain/packages/validation/invoke-batch-pr-review.go:128.2,131.68 2 8
github.com/peterkloss/brain/packages/validation/invoke-batch-pr-review.go:131.68,135.3 3 1
github.com/peterkloss/brain/packages/validation/invoke-batch-pr-review.go:138.2,145.16 4 7
github.com/peterkloss/brain/packages/validation/invoke-batch-pr-review.go:145.16,148.17 2 1
github.com/peterkloss/brain/packages/validation/invoke-batch-pr-review.go:148.17,152.4 3 0
github.com/peterkloss/brain/packages/validation/invoke-batch-pr-review.go:155.2,157.15 3 7
github.com/peterkloss/brain/packages/validation/invoke-batch-pr-review.go:161.96,170.33 4 17
github.com/peterkloss/brain/packages/validation/invoke-batch-pr-review.go:170.33,173.3 2 5
github.com/peterkloss/brain/packages/validation/invoke-batch-pr-review.go:175.2,179.16 3 12
github.com/peterkloss/brain/packages/validation/invoke-batch-pr-review.go:179.16,182.3 2 12
github.com/peterkloss/brain/packages/validation/invoke-batch-pr-review.go:185.2,186.16 2 12
github.com/peterkloss/brain/packages/validation/invoke-batch-pr-review.go:186.16,188.3 1 12
github.com/peterkloss/brain/packages/validation/invoke-batch-pr-review.go:191.2,192.16 2 12
github.com/peterkloss/brain/packages/validation/invoke-batch-pr-review.go:192.16,194.3 1 12
github.com/peterkloss/brain/packages/validation/invoke-batch-pr-review.go:197.2,198.51 2 12
github.com/peterkloss/brain/packages/validation/invoke-batch-pr-review.go:198.51,201.17 2 8
github.com/peterkloss/brain/packages/validation/invoke-batch-pr-review.go:201.17,204.4 2 8
github.com/peterkloss/brain/packages/validation/invoke-batch-pr-review.go:207.2,207.15 1 12
github.com/peterkloss/brain/packages/validation/invoke-batch-pr-review.go:211.107,217.20 3 5
github.com/peterkloss/brain/packages/validation/invoke-batch-pr-review.go:217.20,221.3 3 1
github.com/peterkloss/brain/packages/validation/invoke-batch-pr-review.go:223.2,226.29 3 4
github.com/peterkloss/brain/packages/validation/invoke-batch-pr-review.go:226.29,230.3 3 2
github.com/peterkloss/brain/packages/validation/invoke-batch-pr-review.go:233.2,233.14 1 2
github.com/peterkloss/brain/packages/validation/invoke-batch-pr-review.go:233.14,235.17 2 2
github.com/peterkloss/brain/packages/validation/invoke-batch-pr-review.go:235.17,239.4 3 1
github.com/peterkloss/brain/packages/validation/invoke-batch-pr-review.go:241.3,243.17 3 1
github.com/peterkloss/brain/packages/validation/invoke-batch-pr-review.go:243.17,247.4 3 0
github.com/peterkloss/brain/packages/validation/invoke-batch-pr-review.go:251.2,251.29 1 1
github.com/peterkloss/brain/packages/validation/invoke-batch-pr-review.go:251.29,253.17 2 1
github.com/peterkloss/brain/packages/validation/invoke-batch-pr-review.go:253.17,257.4 3 0
github.com/peterkloss/brain/packages/validation/invoke-batch-pr-review.go:260.2,262.15 3 1
github.com/peterkloss/brain/packages/validation/invoke-batch-pr-review.go:266.116,272.20 3 6
github.com/peterkloss/brain/packages/validation/invoke-batch-pr-review.go:272.20,276.3 3 1
github.com/peterkloss/brain/packages/validation/invoke-batch-pr-review.go:278.2,281.24 3 5
github.com/peterkloss/brain/packages/validation/invoke-batch-pr-review.go:281.24,285.3 3 1
github.com/peterkloss/brain/packages/validation/invoke-batch-pr-review.go:287.2,287.27 1 4
github.com/peterkloss/brain/packages/validation/invoke-batch-pr-review.go:287.27,291.3 3 1
github.com/peterkloss/brain/packages/validation/invoke-batch-pr-review.go:293.2,294.11 2 3
github.com/peterkloss/brain/packages/validation/invoke-batch-pr-review.go:294.11,296.3 1 1
github.com/peterkloss/brain/packages/validation/invoke-batch-pr-review.go:298.2,299.16 2 3
github.com/peterkloss/brain/packages/validation/invoke-batch-pr-review.go:299.16,303.3 3 0
github.com/peterkloss/brain/packages/validation/invoke-batch-pr-review.go:305.2,307.15 3 3
github.com/peterkloss/brain/packages/validation/invoke-batch-pr-review.go:311.71,313.2 1 0
github.com/peterkloss/brain/packages/validation/invoke-batch-pr-review.go:316.103,323.31 2 7
github.com/peterkloss/brain/packages/validation/invoke-batch-pr-review.go:323.31,325.17 2 2
github.com/peterkloss/brain/packages/validation/invoke-batch-pr-review.go:325.17,329.4 3 1
github.com/peterkloss/brain/packages/validation/invoke-batch-pr-review.go:330.3,331.44 2 1
github.com/peterkloss/brain/packages/validation/invoke-batch-pr-review.go:334.2,337.26 3 6
github.com/peterkloss/brain/packages/validation/invoke-batch-pr-review.go:338.22,340.39 2 3
github.com/peterkloss/brain/packages/validation/invoke-batch-pr-review.go:340.39,344.15 4 5
github.com/peterkloss/brain/packages/validation/invoke-batch-pr-review.go:344.15,346.5 1 1
github.com/peterkloss/brain/packages/validation/invoke-batch-pr-review.go:347.4,351.6 1 5
github.com/peterkloss/brain/packages/validation/invoke-batch-pr-review.go:354.23,356.39 2 1
github.com/peterkloss/brain/packages/validation/invoke-batch-pr-review.go:356.39,365.4 4 2
github.com/peterkloss/brain/packages/validation/invoke-batch-pr-review.go:367.24,371.39 2 1
github.com/peterkloss/brain/packages/validation/invoke-batch-pr-review.go:371.39,374.4 2 1
github.com/peterkloss/brain/packages/validation/invoke-batch-pr-review.go:377.3,377.39 1 1
github.com/peterkloss/brain/packages/validation/invoke-batch-pr-review.go:377.39,381.15 4 1
github.com/peterkloss/brain/packages/validation/invoke-batch-pr-review.go:381.15,383.5 1 0
github.com/peterkloss/brain/packages/validation/invoke-batch-pr-review.go:384.4,388.6 1 1
github.com/peterkloss/brain/packages/validation/invoke-batch-pr-review.go:391.20,394.39 2 1
github.com/peterkloss/brain/packages/validation/invoke-batch-pr-review.go:394.39,398.15 4 1
github.com/peterkloss/brain/packages/validation/invoke-batch-pr-review.go:398.15,400.5 1 0
github.com/peterkloss/brain/packages/validation/invoke-batch-pr-review.go:401.4,405.6 1 1
github.com/peterkloss/brain/packages/validation/invoke-batch-pr-review.go:407.3,411.39 3 1
github.com/peterkloss/brain/packages/validation/invoke-batch-pr-review.go:411.39,414.4 2 1
github.com/peterkloss/brain/packages/validation/invoke-batch-pr-review.go:417.2,420.15 3 6
github.com/peterkloss/brain/packages/validation/invoke-batch-pr-review.go:420.15,422.3 1 5
github.com/peterkloss/brain/packages/validation/invoke-batch-pr-review.go:422.8,424.3 1 1
github.com/peterkloss/brain/packages/validation/invoke-batch-pr-review.go:426.2,426.15 1 6
github.com/peterkloss/brain/packages/validation/invoke-pr-maintenance.go:18.55,28.2 1 23
github.com/peterkloss/brain/packages/validation/invoke-pr-maintenance.go:220.85,221.51 1 34
github.com/peterkloss/brain/packages/validation/invoke-pr-maintenance.go:221.51,222.28 1 76
github.com/peterkloss/brain/packages/validation/invoke-pr-maintenance.go:222.28,223.43 1 225
github.com/peterkloss/brain/packages/validation/invoke-pr-maintenance.go:223.43,229.5 1 19
github.com/peterkloss/brain/packages/validation/invoke-pr-maintenance.go:231.4,232.40 2 206
github.com/peterkloss/brain/packages/validation/invoke-pr-maintenance.go:232.40,238.5 1 2
github.com/peterkloss/brain/packages/validation/invoke-pr-maintenance.go:241.2,245.3 1 13
github.com/peterkloss/brain/packages/validation/invoke-pr-maintenance.go:249.85,250.41 1 19
github.com/peterkloss/brain/packages/validation/invoke-pr-maintenance.go:250.41,252.18 2 4
github.com/peterkloss/brain/packages/validation/invoke-pr-maintenance.go:252.18,253.12 1 0
github.com/peterkloss/brain/packages/validation/invoke-pr-maintenance.go:255.3,256.70 2 4
github.com/peterkloss/brain/packages/validation/invoke-pr-maintenance.go:256.70,258.4 1 2
github.com/peterkloss/brain/packages/validation/invoke-pr-maintenance.go:260.2,260.14 1 17
github.com/peterkloss/brain/packages/validation/invoke-pr-maintenance.go:264.42,266.2 1 18
github.com/peterkloss/brain/packages/validation/invoke-pr-maintenance.go:269.46,270.32 1 21
github.com/peterkloss/brain/packages/validation/invoke-pr-maintenance.go:270.32,272.3 1 14
github.com/peterkloss/brain/packages/validation/invoke-pr-maintenance.go:273.2,274.44 2 7
github.com/peterkloss/brain/packages/validation/invoke-pr-maintenance.go:274.44,276.3 1 1
github.com/peterkloss/brain/packages/validation/invoke-pr-maintenance.go:277.2,280.74 2 6
github.com/peterkloss/brain/packages/validation/invoke-pr-maintenance.go:280.74,282.3 1 4
github.com/peterkloss/brain/packages/validation/invoke-pr-maintenance.go:285.2,285.44 1 2
github.com/peterkloss/brain/packages/validation/invoke-pr-maintenance.go:285.44,286.76 1 3
github.com/peterkloss/brain/packages/validation/invoke-pr-maintenance.go:286.76,288.4 1 1
github.com/peterkloss/brain/packages/validation/invoke-pr-maintenance.go:290.2,290.14 1 1
github.com/peterkloss/brain/packages/validation/invoke-pr-maintenance.go:294.85,297.45 3 6
github.com/peterkloss/brain/packages/validation/invoke-pr-maintenance.go:297.45,299.3 1 18
github.com/peterkloss/brain/packages/validation/invoke-pr-maintenance.go:301.2,301.25 1 6
github.com/peterkloss/brain/packages/validation/invoke-pr-maintenance.go:301.25,302.36 1 12
github.com/peterkloss/brain/packages/validation/invoke-pr-maintenance.go:302.36,310.4 1 3
github.com/peterkloss/brain/packages/validation/invoke-pr-maintenance.go:312.2,312.20 1 6
github.com/peterkloss/brain/packages/validation/invoke-pr-maintenance.go:316.106,319.25 2 4
github.com/peterkloss/brain/packages/validation/invoke-pr-maintenance.go:319.25,321.3 1 6
github.com/peterkloss/brain/packages/validation/invoke-pr-maintenance.go:324.2,325.32 2 4
github.com/peterkloss/brain/packages/validation/invoke-pr-maintenance.go:325.32,327.14 2 5
github.com/peterkloss/brain/packages/validation/invoke-pr-maintenance.go:327.14,328.12 1 1
github.com/peterkloss/brain/packages/validation/invoke-pr-maintenance.go:330.3,330.53 1 4
github.com/peterkloss/brain/packages/validation/invoke-pr-maintenance.go:330.53,332.4 1 1
github.com/peterkloss/brain/packages/validation/invoke-pr-maintenance.go:332.9,339.4 1 3
github.com/peterkloss/brain/packages/validation/invoke-pr-maintenance.go:342.2,343.30 2 4
github.com/peterkloss/brain/packages/validation/invoke-pr-maintenance.go:343.30,345.3 1 3
github.com/peterkloss/brain/packages/validation/invoke-pr-maintenance.go:346.2,346.15 1 4
github.com/peterkloss/brain/packages/validation/invoke-pr-maintenance.go:350.115,361.43 9 15
github.com/peterkloss/brain/packages/validation/invoke-pr-maintenance.go:361.43,362.26 1 6
github.com/peterkloss/brain/packages/validation/invoke-pr-maintenance.go:362.26,374.4 1 4
github.com/peterkloss/brain/packages/validation/invoke-pr-maintenance.go:375.3,375.19 1 2
github.com/peterkloss/brain/packages/validation/invoke-pr-maintenance.go:375.19,387.4 1 1
github.com/peterkloss/brain/packages/validation/invoke-pr-maintenance.go:388.3,388.23 1 1
github.com/peterkloss/brain/packages/validation/invoke-pr-maintenance.go:388.23,400.4 1 1
github.com/peterkloss/brain/packages/validation/invoke-pr-maintenance.go:401.3,401.18 1 0
github.com/peterkloss/brain/packages/validation/invoke-pr-maintenance.go:405.2,405.27 1 9
github.com/peterkloss/brain/packages/validation/invoke-pr-maintenance.go:405.27,406.62 1 2
github.com/peterkloss/brain/packages/validation/invoke-pr-maintenance.go:406.62,408.44 2 2
github.com/peterkloss/brain/packages/validation/invoke-pr-maintenance.go:408.44,410.5 1 0
github.com/peterkloss/brain/packages/validation/invoke-pr-maintenance.go:410.10,410.72 1 2
github.com/peterkloss/brain/packages/validation/invoke-pr-maintenance.go:410.72,412.5 1 0
github.com/peterkloss/brain/packages/validation/invoke-pr-maintenance.go:413.4,424.10 1 2
github.com/peterkloss/brain/packages/validation/invoke-pr-maintenance.go:426.3,426.18 1 0
github.com/peterkloss/brain/packages/validation/invoke-pr-maintenance.go:430.2,430.25 1 7
github.com/peterkloss/brain/packages/validation/invoke-pr-maintenance.go:430.25,439.3 1 2
github.com/peterkloss/brain/packages/validation/invoke-pr-maintenance.go:440.2,440.18 1 5
github.com/peterkloss/brain/packages/validation/invoke-pr-maintenance.go:440.18,449.3 1 0
github.com/peterkloss/brain/packages/validation/invoke-pr-maintenance.go:450.2,450.22 1 5
github.com/peterkloss/brain/packages/validation/invoke-pr-maintenance.go:450.22,460.3 1 0
github.com/peterkloss/brain/packages/validation/invoke-pr-maintenance.go:461.2,461.17 1 5
github.com/peterkloss/brain/packages/validation/invoke-pr-maintenance.go:465.84,479.26 4 4
github.com/peterkloss/brain/packages/validation/invoke-pr-maintenance.go:479.26,483.44 3 2
github.com/peterkloss/brain/packages/validation/invoke-pr-maintenance.go:483.44,493.4 1 2
github.com/peterkloss/brain/packages/validation/invoke-pr-maintenance.go:497.2,497.25 1 4
github.com/peterkloss/brain/packages/validation/invoke-pr-maintenance.go:497.25,499.24 2 7
github.com/peterkloss/brain/packages/validation/invoke-pr-maintenance.go:499.24,501.4 1 2
github.com/peterkloss/brain/packages/validation/invoke-pr-maintenance.go:502.3,502.25 1 7
github.com/peterkloss/brain/packages/validation/invoke-pr-maintenance.go:502.25,504.4 1 1
github.com/peterkloss/brain/packages/validation/invoke-pr-maintenance.go:507.2,507.15 1 4
github.com/peterkloss/brain/packages/validation/invoke-pr-maintenance.go:512.62,515.41 3 3
github.com/peterkloss/brain/packages/validation/invoke-pr-maintenance.go:515.41,517.55 1 6
github.com/peterkloss/brain/packages/validation/invoke-pr-maintenance.go:517.55,519.4 1 3
github.com/peterkloss/brain/packages/validation/invoke-pr-maintenance.go:521.3,521.63 1 3
github.com/peterkloss/brain/packages/validation/invoke-pr-maintenance.go:521.63,523.4 1 1
github.com/peterkloss/brain/packages/validation/invoke-pr-maintenance.go:525.3,525.45 1 2
github.com/peterkloss/brain/packages/validation/invoke-pr-maintenance.go:527.2,527.15 1 3
github.com/peterkloss/brain/packages/validation/invoke-pr-maintenance.go:531.78,542.2 2 1
github.com/peterkloss/brain/packages/validation/invoke-pr-maintenance.go:545.55,547.16 2 1
github.com/peterkloss/brain/packages/validation/invoke-pr-maintenance.go:547.16,549.3 1 0
github.com/peterkloss/brain/packages/validation/invoke-pr-maintenance.go:550.2,550.27 1 1
github.com/peterkloss/brain/packages/validation/invoke-pr-maintenance.go:555.76,562.2 2 5
github.com/peterkloss/brain/packages/validation/invoke-pr-maintenance.go:565.63,575.68 2 3
github.com/peterkloss/brain/packages/validation/invoke-pr-maintenance.go:575.68,577.3 1 1
github.com/peterkloss/brain/packages/validation/invoke-pr-maintenance.go:578.2,578.57 1 2
github.com/peterkloss/brain/packages/validation/invoke-pr-maintenance.go:582.69,593.68 2 2
github.com/peterkloss/brain/packages/validation/invoke-pr-maintenance.go:593.68,595.3 1 1
github.com/peterkloss/brain/packages/validation/invoke-pr-maintenance.go:596.2,599.8 1 1
github.com/peterkloss/brain/packages/validation/validate-consistency.go:90.96,105.21 6 4
github.com/peterkloss/brain/packages/validation/validate-consistency.go:105.21,109.26 3 4
github.com/peterkloss/brain/packages/validation/validate-consistency.go:109.26,111.45 2 0
github.com/peterkloss/brain/packages/validation/validate-consistency.go:111.45,117.5 1 0
github.com/peterkloss/brain/packages/validation/validate-consistency.go:118.9,124.4 1 4
github.com/peterkloss/brain/packages/validation/validate-consistency.go:127.3,129.29 3 4
github.com/peterkloss/brain/packages/validation/validate-consistency.go:129.29,131.48 2 0
github.com/peterkloss/brain/packages/validation/validate-consistency.go:131.48,137.5 1 0
github.com/peterkloss/brain/packages/validation/validate-consistency.go:138.9,144.4 1 4
github.com/peterkloss/brain/packages/validation/validate-consistency.go:147.3,149.27 3 4
github.com/peterkloss/brain/packages/validation/validate-consistency.go:149.27,151.46 2 0
github.com/peterkloss/brain/packages/validation/validate-consistency.go:151.46,157.5 1 0
github.com/peterkloss/brain/packages/validation/validate-consistency.go:158.9,164.4 1 4
github.com/peterkloss/brain/packages/validation/validate-consistency.go:167.3,169.29 3 4
github.com/peterkloss/brain/packages/validation/validate-consistency.go:169.29,171.48 2 0
github.com/peterkloss/brain/packages/validation/validate-consistency.go:171.48,177.5 1 0
github.com/peterkloss/brain/packages/validation/validate-consistency.go:178.9,184.4 1 4
github.com/peterkloss/brain/packages/validation/validate-consistency.go:188.2,188.21 1 4
github.com/peterkloss/brain/packages/validation/validate-consistency.go:188.21,191.25 3 1
github.com/peterkloss/brain/packages/validation/validate-consistency.go:191.25,193.44 2 1
github.com/peterkloss/brain/packages/validation/validate-consistency.go:193.44,199.5 1 1
github.com/peterkloss/brain/packages/validation/validate-consistency.go:200.9,206.4 1 0
github.com/peterkloss/brain/packages/validation/validate-consistency.go:209.2,214.15 2 4
github.com/peterkloss/brain/packages/validation/validate-consistency.go:214.15,216.3 1 3
github.com/peterkloss/brain/packages/validation/validate-consistency.go:216.8,219.3 2 1
github.com/peterkloss/brain/packages/validation/validate-consistency.go:221.2,221.15 1 4
github.com/peterkloss/brain/packages/validation/validate-consistency.go:225.70,229.9 3 44
github.com/peterkloss/brain/packages/validation/validate-consistency.go:229.9,232.3 1 1
github.com/peterkloss/brain/packages/validation/validate-consistency.go:234.2,234.38 1 43
github.com/peterkloss/brain/packages/validation/validate-consistency.go:238.74,244.25 4 6
github.com/peterkloss/brain/packages/validation/validate-consistency.go:244.25,247.23 3 2
github.com/peterkloss/brain/packages/validation/validate-consistency.go:247.23,249.4 1 2
github.com/peterkloss/brain/packages/validation/validate-consistency.go:253.2,254.29 2 6
github.com/peterkloss/brain/packages/validation/validate-consistency.go:254.29,258.26 3 6
github.com/peterkloss/brain/packages/validation/validate-consistency.go:258.26,260.4 1 6
github.com/peterkloss/brain/packages/validation/validate-consistency.go:263.3,265.28 3 6
github.com/peterkloss/brain/packages/validation/validate-consistency.go:265.28,267.4 1 5
github.com/peterkloss/brain/packages/validation/validate-consistency.go:270.3,274.44 2 6
github.com/peterkloss/brain/packages/validation/validate-consistency.go:274.44,276.28 2 12
github.com/peterkloss/brain/packages/validation/validate-consistency.go:276.28,278.10 2 2
github.com/peterkloss/brain/packages/validation/validate-consistency.go:283.2,283.18 1 6
github.com/peterkloss/brain/packages/validation/validate-consistency.go:287.47,292.30 4 3
github.com/peterkloss/brain/packages/validation/validate-consistency.go:292.30,294.3 1 1
github.com/peterkloss/brain/packages/validation/validate-consistency.go:297.2,299.34 3 2
github.com/peterkloss/brain/packages/validation/validate-consistency.go:299.34,301.32 2 4
github.com/peterkloss/brain/packages/validation/validate-consistency.go:301.32,304.4 2 4
github.com/peterkloss/brain/packages/validation/validate-consistency.go:308.2,310.36 3 2
github.com/peterkloss/brain/packages/validation/validate-consistency.go:310.36,312.32 2 3
github.com/peterkloss/brain/packages/validation/validate-consistency.go:312.32,315.4 2 1
github.com/peterkloss/brain/packages/validation/validate-consistency.go:318.2,318.17 1 2
github.com/peterkloss/brain/packages/validation/validate-consistency.go:322.76,328.45 2 8
github.com/peterkloss/brain/packages/validation/validate-consistency.go:328.45,331.3 2 4
github.com/peterkloss/brain/packages/validation/validate-consistency.go:334.2,334.43 1 4
github.com/peterkloss/brain/packages/validation/validate-consistency.go:334.43,338.3 3 1
github.com/peterkloss/brain/packages/validation/validate-consistency.go:340.2,341.16 2 3
github.com/peterkloss/brain/packages/validation/validate-consistency.go:341.16,345.3 3 0
github.com/peterkloss/brain/packages/validation/validate-consistency.go:347.2,348.16 2 3
github.com/peterkloss/brain/packages/validation/validate-consistency.go:348.16,352.3 3 0
github.com/peterkloss/brain/packages/validation/validate-consistency.go:355.2,357.87 3 3
github.com/peterkloss/brain/packages/validation/validate-consistency.go:357.87,359.3 1 0
github.com/peterkloss/brain/packages/validation/validate-consistency.go:362.2,364.28 3 3
github.com/peterkloss/brain/packages/validation/validate-consistency.go:364.28,370.24 4 3
github.com/peterkloss/brain/packages/validation/validate-consistency.go:370.24,374.25 3 3
github.com/peterkloss/brain/packages/validation/validate-consistency.go:374.25,380.33 4 3
github.com/peterkloss/brain/packages/validation/validate-consistency.go:380.33,383.6 1 1
github.com/peterkloss/brain/packages/validation/validate-consistency.go:388.2,388.28 1 3
github.com/peterkloss/brain/packages/validation/validate-consistency.go:388.28,390.3 1 1
github.com/peterkloss/brain/packages/validation/validate-consistency.go:392.2,392.15 1 3
github.com/peterkloss/brain/packages/validation/validate-consistency.go:396.87,402.43 2 8
github.com/peterkloss/brain/packages/validation/validate-consistency.go:402.43,404.3 1 1
github.com/peterkloss/brain/packages/validation/validate-consistency.go:407.2,407.47 1 7
github.com/peterkloss/brain/packages/validation/validate-consistency.go:407.47,411.3 3 1
github.com/peterkloss/brain/packages/validation/validate-consistency.go:413.2,414.16 2 6
github.com/peterkloss/brain/packages/validation/validate-consistency.go:414.16,418.3 3 0
github.com/peterkloss/brain/packages/validation/validate-consistency.go:420.2,421.16 2 6
github.com/peterkloss/brain/packages/validation/validate-consistency.go:421.16,425.3 3 0
github.com/peterkloss/brain/packages/validation/validate-consistency.go:428.2,437.48 7 6
github.com/peterkloss/brain/packages/validation/validate-consistency.go:437.48,441.3 2 1
github.com/peterkloss/brain/packages/validation/validate-consistency.go:443.2,443.15 1 6
github.com/peterkloss/brain/packages/validation/validate-consistency.go:447.84,463.31 3 6
github.com/peterkloss/brain/packages/validation/validate-consistency.go:463.31,464.49 1 24
github.com/peterkloss/brain/packages/validation/validate-consistency.go:464.49,465.57 1 15
github.com/peterkloss/brain/packages/validation/validate-consistency.go:465.57,469.5 3 1
github.com/peterkloss/brain/packages/validation/validate-consistency.go:473.2,473.15 1 6
github.com/peterkloss/brain/packages/validation/validate-consistency.go:477.97,484.45 3 7
github.com/peterkloss/brain/packages/validation/validate-consistency.go:484.45,485.54 1 28
github.com/peterkloss/brain/packages/validation/validate-consistency.go:485.54,486.12 1 14
github.com/peterkloss/brain/packages/validation/validate-consistency.go:489.3,490.24 2 14
github.com/peterkloss/brain/packages/validation/validate-consistency.go:490.24,493.4 2 1
github.com/peterkloss/brain/packages/validation/validate-consistency.go:494.3,494.73 1 14
github.com/peterkloss/brain/packages/validation/validate-consistency.go:497.2,497.15 1 7
github.com/peterkloss/brain/packages/validation/validate-consistency.go:501.68,507.16 3 14
github.com/peterkloss/brain/packages/validation/validate-consistency.go:507.16,509.3 1 0
github.com/peterkloss/brain/packages/validation/validate-consistency.go:511.2,517.32 4 14
github.com/peterkloss/brain/packages/validation/validate-consistency.go:517.32,523.37 2 6
github.com/peterkloss/brain/packages/validation/validate-consistency.go:523.37,524.12 1 2
github.com/peterkloss/brain/packages/validation/validate-consistency.go:528.3,528.52 1 4
github.com/peterkloss/brain/packages/validation/validate-consistency.go:528.52,530.4 1 0
github.com/peterkloss/brain/packages/validation/validate-consistency.go:532.3,532.21 1 4
github.com/peterkloss/brain/packages/validation/validate-consistency.go:532.21,533.12 1 0
github.com/peterkloss/brain/packages/validation/validate-consistency.go:536.3,540.31 3 4
github.com/peterkloss/brain/packages/validation/validate-consistency.go:540.31,542.4 1 0
github.com/peterkloss/brain/packages/validation/validate-consistency.go:542.9,544.4 1 4
github.com/peterkloss/brain/packages/validation/validate-consistency.go:546.3,546.28 1 4
github.com/peterkloss/brain/packages/validation/validate-consistency.go:546.28,549.4 2 1
github.com/peterkloss/brain/packages/validation/validate-consistency.go:552.2,552.15 1 14
github.com/peterkloss/brain/packages/validation/validate-consistency.go:556.68,561.47 2 4
github.com/peterkloss/brain/packages/validation/validate-consistency.go:561.47,563.3 1 1
github.com/peterkloss/brain/packages/validation/validate-consistency.go:565.2,566.16 2 3
github.com/peterkloss/brain/packages/validation/validate-consistency.go:566.16,568.3 1 0
github.com/peterkloss/brain/packages/validation/validate-consistency.go:570.2,576.29 5 3
github.com/peterkloss/brain/packages/validation/validate-consistency.go:576.29,578.76 1 33
github.com/peterkloss/brain/packages/validation/validate-consistency.go:578.76,579.34 1 6
github.com/peterkloss/brain/packages/validation/validate-consistency.go:579.34,580.16 1 6
github.com/peterkloss/brain/packages/validation/validate-consistency.go:580.16,582.11 2 6
github.com/peterkloss/brain/packages/validation/validate-consistency.go:588.3,588.72 1 33
github.com/peterkloss/brain/packages/validation/validate-consistency.go:588.72,593.18 4 9
github.com/peterkloss/brain/packages/validation/validate-consistency.go:593.18,595.5 1 4
github.com/peterkloss/brain/packages/validation/validate-consistency.go:595.10,596.28 1 5
github.com/peterkloss/brain/packages/validation/validate-consistency.go:597.15,598.65 1 2
github.com/peterkloss/brain/packages/validation/validate-consistency.go:599.15,600.65 1 3
github.com/peterkloss/brain/packages/validation/validate-consistency.go:606.2,606.34 1 3
github.com/peterkloss/brain/packages/validation/validate-consistency.go:606.34,609.3 2 2
github.com/peterkloss/brain/packages/validation/validate-consistency.go:611.2,611.15 1 3
github.com/peterkloss/brain/packages/validation/validate-consistency.go:615.89,619.35 3 1
github.com/peterkloss/brain/packages/validation/validate-consistency.go:619.35,622.3 2 2
github.com/peterkloss/brain/packages/validation/validate-consistency.go:624.2,624.16 1 1
github.com/peterkloss/brain/packages/validation/validate-consistency.go:629.61,649.43 3 9
github.com/peterkloss/brain/packages/validation/validate-consistency.go:649.43,651.36 2 55
github.com/peterkloss/brain/packages/validation/validate-consistency.go:651.36,653.4 1 8
github.com/peterkloss/brain/packages/validation/validate-consistency.go:657.2,658.13 2 1
github.com/peterkloss/brain/packages/validation/validate-consistency.go:659.17,660.51 1 0
github.com/peterkloss/brain/packages/validation/validate-consistency.go:660.51,662.4 1 0
github.com/peterkloss/brain/packages/validation/validate-consistency.go:663.22,664.50 1 0
github.com/peterkloss/brain/packages/validation/validate-consistency.go:664.50,666.4 1 0
github.com/peterkloss/brain/packages/validation/validate-consistency.go:667.18,668.49 1 0
github.com/peterkloss/brain/packages/validation/validate-consistency.go:668.49,670.4 1 0
github.com/peterkloss/brain/packages/validation/validate-consistency.go:671.18,672.58 1 0
github.com/peterkloss/brain/packages/validation/validate-consistency.go:672.58,673.51 1 0
github.com/peterkloss/brain/packages/validation/validate-consistency.go:673.51,675.5 1 0
github.com/peterkloss/brain/packages/validation/validate-consistency.go:677.18,678.54 1 0
github.com/peterkloss/brain/packages/validation/validate-consistency.go:678.54,680.4 1 0
github.com/peterkloss/brain/packages/validation/validate-consistency.go:681.23,682.52 1 0
github.com/peterkloss/brain/packages/validation/validate-consistency.go:682.52,684.4 1 0
github.com/peterkloss/brain/packages/validation/validate-consistency.go:685.16,686.52 1 0
github.com/peterkloss/brain/packages/validation/validate-consistency.go:686.52,688.4 1 0
github.com/peterkloss/brain/packages/validation/validate-consistency.go:689.22,690.50 1 0
github.com/peterkloss/brain/packages/validation/validate-consistency.go:690.50,692.4 1 0
github.com/peterkloss/brain/packages/validation/validate-consistency.go:693.16,694.53 1 0
github.com/peterkloss/brain/packages/validation/validate-consistency.go:694.53,696.4 1 0
github.com/peterkloss/brain/packages/validation/validate-consistency.go:697.15,698.51 1 0
github.com/peterkloss/brain/packages/validation/validate-consistency.go:698.51,700.4 1 0
github.com/peterkloss/brain/packages/validation/validate-consistency.go:703.2,703.18 1 1
github.com/peterkloss/brain/packages/validation/validate-consistency.go:708.156,720.21 4 2
github.com/peterkloss/brain/packages/validation/validate-consistency.go:720.21,724.26 3 2
github.com/peterkloss/brain/packages/validation/validate-consistency.go:724.26,726.45 2 1
github.com/peterkloss/brain/packages/validation/validate-consistency.go:726.45,732.5 1 1
github.com/peterkloss/brain/packages/validation/validate-consistency.go:733.9,739.4 1 1
github.com/peterkloss/brain/packages/validation/validate-consistency.go:742.3,744.29 3 2
github.com/peterkloss/brain/packages/validation/validate-consistency.go:744.29,746.48 2 0
github.com/peterkloss/brain/packages/validation/validate-consistency.go:746.48,752.5 1 0
github.com/peterkloss/brain/packages/validation/validate-consistency.go:753.9,759.4 1 2
github.com/peterkloss/brain/packages/validation/validate-consistency.go:763.2,763.21 1 2
github.com/peterkloss/brain/packages/validation/validate-consistency.go:763.21,766.25 3 0
github.com/peterkloss/brain/packages/validation/validate-consistency.go:766.25,768.44 2 0
github.com/peterkloss/brain/packages/validation/validate-consistency.go:768.44,774.5 1 0
github.com/peterkloss/brain/packages/validation/validate-consistency.go:775.9,781.4 1 0
github.com/peterkloss/brain/packages/validation/validate-consistency.go:784.2,789.15 2 2
github.com/peterkloss/brain/packages/validation/validate-consistency.go:789.15,791.3 1 1
github.com/peterkloss/brain/packages/validation/validate-consistency.go:791.8,794.3 2 1
github.com/peterkloss/brain/packages/validation/validate-consistency.go:796.2,796.15 1 2
github.com/peterkloss/brain/packages/validation/validate-consistency.go:800.93,806.23 2 2
github.com/peterkloss/brain/packages/validation/validate-consistency.go:806.23,809.3 2 0
github.com/peterkloss/brain/packages/validation/validate-consistency.go:812.2,812.22 1 2
github.com/peterkloss/brain/packages/validation/validate-consistency.go:812.22,816.3 3 0
github.com/peterkloss/brain/packages/validation/validate-consistency.go:819.2,820.42 2 2
github.com/peterkloss/brain/packages/validation/validate-consistency.go:820.42,822.3 1 0
github.com/peterkloss/brain/packages/validation/validate-consistency.go:825.2,827.28 3 2
github.com/peterkloss/brain/packages/validation/validate-consistency.go:827.28,832.24 4 2
github.com/peterkloss/brain/packages/validation/validate-consistency.go:832.24,835.25 3 2
github.com/peterkloss/brain/packages/validation/validate-consistency.go:835.25,840.33 4 2
github.com/peterkloss/brain/packages/validation/validate-consistency.go:840.33,843.6 1 1
github.com/peterkloss/brain/packages/validation/validate-consistency.go:848.2,848.28 1 2
github.com/peterkloss/brain/packages/validation/validate-consistency.go:848.28,850.3 1 1
github.com/peterkloss/brain/packages/validation/validate-consistency.go:852.2,852.15 1 2
github.com/peterkloss/brain/packages/validation/validate-consistency.go:856.104,861.22 2 2
github.com/peterkloss/brain/packages/validation/validate-consistency.go:861.22,863.3 1 0
github.com/peterkloss/brain/packages/validation/validate-consistency.go:865.2,865.24 1 2
github.com/peterkloss/brain/packages/validation/validate-consistency.go:865.24,869.3 3 0
github.com/peterkloss/brain/packages/validation/validate-consistency.go:872.2,881.48 7 2
github.com/peterkloss/brain/packages/validation/validate-consistency.go:881.48,885.3 2 0
github.com/peterkloss/brain/packages/validation/validate-consistency.go:887.2,887.15 1 2
github.com/peterkloss/brain/packages/validation/validate-consistency.go:891.82,896.24 2 0
github.com/peterkloss/brain/packages/validation/validate-consistency.go:896.24,898.3 1 0
github.com/peterkloss/brain/packages/validation/validate-consistency.go:900.2,906.29 5 0
github.com/peterkloss/brain/packages/validation/validate-consistency.go:906.29,907.76 1 0
github.com/peterkloss/brain/packages/validation/validate-consistency.go:907.76,908.34 1 0
github.com/peterkloss/brain/packages/validation/validate-consistency.go:908.34,909.16 1 0
github.com/peterkloss/brain/packages/validation/validate-consistency.go:909.16,911.11 2 0
github.com/peterkloss/brain/packages/validation/validate-consistency.go:916.3,916.72 1 0
github.com/peterkloss/brain/packages/validation/validate-consistency.go:916.72,921.18 4 0
github.com/peterkloss/brain/packages/validation/validate-consistency.go:921.18,923.5 1 0
github.com/peterkloss/brain/packages/validation/validate-consistency.go:923.10,924.28 1 0
github.com/peterkloss/brain/packages/validation/validate-consistency.go:925.15,926.65 1 0
github.com/peterkloss/brain/packages/validation/validate-consistency.go:927.15,928.65 1 0
github.com/peterkloss/brain/packages/validation/validate-consistency.go:934.2,934.34 1 0
github.com/peterkloss/brain/packages/validation/validate-consistency.go:934.34,937.3 2 0
github.com/peterkloss/brain/packages/validation/validate-consistency.go:939.2,939.15 1 0
github.com/peterkloss/brain/packages/validation/validate-consistency.go:944.34,947.2 2 388
github.com/peterkloss/brain/packages/validation/validate-consistency.go:949.35,952.2 2 319
github.com/peterkloss/brain/packages/validation/validate-consistency.go:954.57,955.42 1 7
github.com/peterkloss/brain/packages/validation/validate-consistency.go:955.42,957.3 1 0
github.com/peterkloss/brain/packages/validation/validate-consistency.go:958.2,960.13 3 7
github.com/peterkloss/brain/packages/validation/validate-consistency.go:963.25,965.2 1 223
github.com/peterkloss/brain/packages/validation/validate-consistency.go:967.57,969.31 2 2
github.com/peterkloss/brain/packages/validation/validate-consistency.go:969.31,970.20 1 7
github.com/peterkloss/brain/packages/validation/validate-consistency.go:970.20,972.4 1 2
github.com/peterkloss/brain/packages/validation/validate-consistency.go:975.2,975.28 1 2
github.com/peterkloss/brain/packages/validation/validate-consistency.go:975.28,977.3 1 0
github.com/peterkloss/brain/packages/validation/validate-consistency.go:980.2,982.33 3 2
github.com/peterkloss/brain/packages/validation/validate-consistency.go:982.33,983.15 1 2
github.com/peterkloss/brain/packages/validation/validate-consistency.go:983.15,986.4 2 2
github.com/peterkloss/brain/packages/validation/validate-consistency.go:989.2,989.116 1 2
github.com/peterkloss/brain/packages/validation/validate-memory-index.go:122.73,135.33 5 25
github.com/peterkloss/brain/packages/validation/validate-memory-index.go:135.33,136.41 1 0
github.com/peterkloss/brain/packages/validation/validate-memory-index.go:136.41,138.4 1 0
github.com/peterkloss/brain/packages/validation/validate-memory-index.go:142.2,142.30 1 25
github.com/peterkloss/brain/packages/validation/validate-memory-index.go:142.30,153.3 2 1
github.com/peterkloss/brain/packages/validation/validate-memory-index.go:156.2,160.38 3 24
github.com/peterkloss/brain/packages/validation/validate-memory-index.go:160.38,165.26 4 25
github.com/peterkloss/brain/packages/validation/validate-memory-index.go:165.26,172.4 2 19
github.com/peterkloss/brain/packages/validation/validate-memory-index.go:172.9,180.4 3 6
github.com/peterkloss/brain/packages/validation/validate-memory-index.go:183.3,184.74 2 25
github.com/peterkloss/brain/packages/validation/validate-memory-index.go:188.2,191.28 3 24
github.com/peterkloss/brain/packages/validation/validate-memory-index.go:191.28,198.3 2 3
github.com/peterkloss/brain/packages/validation/validate-memory-index.go:198.8,204.3 1 21
github.com/peterkloss/brain/packages/validation/validate-memory-index.go:207.2,210.22 3 24
github.com/peterkloss/brain/packages/validation/validate-memory-index.go:210.22,217.3 1 2
github.com/peterkloss/brain/packages/validation/validate-memory-index.go:219.2,224.15 2 24
github.com/peterkloss/brain/packages/validation/validate-memory-index.go:224.15,226.3 1 15
github.com/peterkloss/brain/packages/validation/validate-memory-index.go:226.8,229.3 2 9
github.com/peterkloss/brain/packages/validation/validate-memory-index.go:231.2,231.15 1 24
github.com/peterkloss/brain/packages/validation/validate-memory-index.go:236.125,247.45 4 3
github.com/peterkloss/brain/packages/validation/validate-memory-index.go:247.45,257.27 5 3
github.com/peterkloss/brain/packages/validation/validate-memory-index.go:257.27,259.4 1 1
github.com/peterkloss/brain/packages/validation/validate-memory-index.go:262.3,264.24 3 3
github.com/peterkloss/brain/packages/validation/validate-memory-index.go:264.24,266.4 1 1
github.com/peterkloss/brain/packages/validation/validate-memory-index.go:269.3,271.28 3 3
github.com/peterkloss/brain/packages/validation/validate-memory-index.go:271.28,273.4 1 0
github.com/peterkloss/brain/packages/validation/validate-memory-index.go:276.3,287.26 8 3
github.com/peterkloss/brain/packages/validation/validate-memory-index.go:287.26,294.4 2 1
github.com/peterkloss/brain/packages/validation/validate-memory-index.go:294.9,302.4 3 2
github.com/peterkloss/brain/packages/validation/validate-memory-index.go:304.3,304.60 1 3
github.com/peterkloss/brain/packages/validation/validate-memory-index.go:307.2,312.15 2 3
github.com/peterkloss/brain/packages/validation/validate-memory-index.go:312.15,314.3 1 1
github.com/peterkloss/brain/packages/validation/validate-memory-index.go:314.8,316.3 1 2
github.com/peterkloss/brain/packages/validation/validate-memory-index.go:318.2,318.15 1 3
github.com/peterkloss/brain/packages/validation/validate-memory-index.go:322.56,327.37 4 24
github.com/peterkloss/brain/packages/validation/validate-memory-index.go:327.37,329.3 1 1
github.com/peterkloss/brain/packages/validation/validate-memory-index.go:331.2,333.31 2 23
github.com/peterkloss/brain/packages/validation/validate-memory-index.go:333.31,336.21 3 25
github.com/peterkloss/brain/packages/validation/validate-memory-index.go:336.21,342.4 1 25
github.com/peterkloss/brain/packages/validation/validate-memory-index.go:345.2,345.16 1 23
github.com/peterkloss/brain/packages/validation/validate-memory-index.go:349.53,355.29 4 53
github.com/peterkloss/brain/packages/validation/validate-memory-index.go:355.29,357.21 2 244
github.com/peterkloss/brain/packages/validation/validate-memory-index.go:357.21,358.12 1 65
github.com/peterkloss/brain/packages/validation/validate-memory-index.go:361.3,365.65 3 179
github.com/peterkloss/brain/packages/validation/validate-memory-index.go:365.65,366.12 1 106
github.com/peterkloss/brain/packages/validation/validate-memory-index.go:370.3,370.39 1 73
github.com/peterkloss/brain/packages/validation/validate-memory-index.go:370.39,371.12 1 0
github.com/peterkloss/brain/packages/validation/validate-memory-index.go:374.3,380.5 2 73
github.com/peterkloss/brain/packages/validation/validate-memory-index.go:383.2,383.16 1 53
github.com/peterkloss/brain/packages/validation/validate-memory-index.go:387.53,389.16 2 50
github.com/peterkloss/brain/packages/validation/validate-memory-index.go:389.16,391.3 1 0
github.com/peterkloss/brain/packages/validation/validate-memory-index.go:392.2,392.43 1 50
github.com/peterkloss/brain/packages/validation/validate-memory-index.go:396.82,408.24 5 25
github.com/peterkloss/brain/packages/validation/validate-memory-index.go:408.24,410.3 1 2
github.com/peterkloss/brain/packages/validation/validate-memory-index.go:413.2,415.27 3 25
github.com/peterkloss/brain/packages/validation/validate-memory-index.go:415.27,417.3 1 1
github.com/peterkloss/brain/packages/validation/validate-memory-index.go:420.2,422.26 3 25
github.com/peterkloss/brain/packages/validation/validate-memory-index.go:422.26,424.3 1 2
github.com/peterkloss/brain/packages/validation/validate-memory-index.go:427.2,429.23 3 25
github.com/peterkloss/brain/packages/validation/validate-memory-index.go:429.23,431.3 1 1
github.com/peterkloss/brain/packages/validation/validate-memory-index.go:434.2,441.15 5 25
github.com/peterkloss/brain/packages/validation/validate-memory-index.go:445.95,450.32 2 25
github.com/peterkloss/brain/packages/validation/validate-memory-index.go:450.32,454.50 2 34
github.com/peterkloss/brain/packages/validation/validate-memory-index.go:454.50,458.4 3 1
github.com/peterkloss/brain/packages/validation/validate-memory-index.go:460.3,460.27 1 34
github.com/peterkloss/brain/packages/validation/validate-memory-index.go:460.27,462.4 1 33
github.com/peterkloss/brain/packages/validation/validate-memory-index.go:462.9,466.4 3 1
github.com/peterkloss/brain/packages/validation/validate-memory-index.go:469.2,469.15 1 25
github.com/peterkloss/brain/packages/validation/validate-memory-index.go:473.72,479.22 2 28
github.com/peterkloss/brain/packages/validation/validate-memory-index.go:479.22,481.24 1 18
github.com/peterkloss/brain/packages/validation/validate-memory-index.go:481.24,483.4 1 18
github.com/peterkloss/brain/packages/validation/validate-memory-index.go:484.3,484.16 1 18
github.com/peterkloss/brain/packages/validation/validate-memory-index.go:488.2,489.32 2 10
github.com/peterkloss/brain/packages/validation/validate-memory-index.go:489.32,491.37 2 21
github.com/peterkloss/brain/packages/validation/validate-memory-index.go:491.37,493.4 1 79
github.com/peterkloss/brain/packages/validation/validate-memory-index.go:494.3,494.38 1 21
github.com/peterkloss/brain/packages/validation/validate-memory-index.go:498.2,498.32 1 10
github.com/peterkloss/brain/packages/validation/validate-memory-index.go:498.32,503.38 3 21
github.com/peterkloss/brain/packages/validation/validate-memory-index.go:503.38,504.45 1 45
github.com/peterkloss/brain/packages/validation/validate-memory-index.go:504.45,505.54 1 20
github.com/peterkloss/brain/packages/validation/validate-memory-index.go:505.54,507.6 1 86
github.com/peterkloss/brain/packages/validation/validate-memory-index.go:512.3,513.30 2 21
github.com/peterkloss/brain/packages/validation/validate-memory-index.go:513.30,514.26 1 79
github.com/peterkloss/brain/packages/validation/validate-memory-index.go:514.26,516.5 1 56
github.com/peterkloss/brain/packages/validation/validate-memory-index.go:519.3,520.26 2 21
github.com/peterkloss/brain/packages/validation/validate-memory-index.go:520.26,522.4 1 21
github.com/peterkloss/brain/packages/validation/validate-memory-index.go:524.3,526.21 2 21
github.com/peterkloss/brain/packages/validation/validate-memory-index.go:526.21,530.4 2 2
github.com/peterkloss/brain/packages/validation/validate-memory-index.go:533.2,533.15 1 10
github.com/peterkloss/brain/packages/validation/validate-memory-index.go:537.62,539.16 2 25
github.com/peterkloss/brain/packages/validation/validate-memory-index.go:539.16,541.3 1 0
github.com/peterkloss/brain/packages/validation/validate-memory-index.go:542.2,542.56 1 25
github.com/peterkloss/brain/packages/validation/validate-memory-index.go:546.71,560.29 9 28
github.com/peterkloss/brain/packages/validation/validate-memory-index.go:560.29,565.24 3 130
github.com/peterkloss/brain/packages/validation/validate-memory-index.go:565.24,566.12 1 31
github.com/peterkloss/brain/packages/validation/validate-memory-index.go:572.3,572.44 1 99
github.com/peterkloss/brain/packages/validation/validate-memory-index.go:572.44,577.12 4 2
github.com/peterkloss/brain/packages/validation/validate-memory-index.go:581.3,581.47 1 97
github.com/peterkloss/brain/packages/validation/validate-memory-index.go:581.47,586.12 4 2
github.com/peterkloss/brain/packages/validation/validate-memory-index.go:590.3,590.42 1 95
github.com/peterkloss/brain/packages/validation/validate-memory-index.go:590.42,595.12 4 0
github.com/peterkloss/brain/packages/validation/validate-memory-index.go:599.3,599.47 1 95
github.com/peterkloss/brain/packages/validation/validate-memory-index.go:599.47,601.12 2 95
github.com/peterkloss/brain/packages/validation/validate-memory-index.go:605.3,605.23 1 0
github.com/peterkloss/brain/packages/validation/validate-memory-index.go:605.23,610.4 3 0
github.com/peterkloss/brain/packages/validation/validate-memory-index.go:613.2,613.15 1 28
github.com/peterkloss/brain/packages/validation/validate-memory-index.go:617.69,623.32 3 28
github.com/peterkloss/brain/packages/validation/validate-memory-index.go:623.32,624.27 1 39
github.com/peterkloss/brain/packages/validation/validate-memory-index.go:624.27,628.40 3 2
github.com/peterkloss/brain/packages/validation/validate-memory-index.go:628.40,629.28 1 0
github.com/peterkloss/brain/packages/validation/validate-memory-index.go:629.28,631.11 2 0
github.com/peterkloss/brain/packages/validation/validate-memory-index.go:634.4,634.14 1 2
github.com/peterkloss/brain/packages/validation/validate-memory-index.go:634.14,638.5 2 2
github.com/peterkloss/brain/packages/validation/validate-memory-index.go:640.3,640.30 1 39
github.com/peterkloss/brain/packages/validation/validate-memory-index.go:643.2,643.15 1 28
github.com/peterkloss/brain/packages/validation/validate-memory-index.go:647.86,653.32 2 28
github.com/peterkloss/brain/packages/validation/validate-memory-index.go:653.32,657.26 3 39
github.com/peterkloss/brain/packages/validation/validate-memory-index.go:657.26,661.4 2 27
github.com/peterkloss/brain/packages/validation/validate-memory-index.go:664.2,664.15 1 28
github.com/peterkloss/brain/packages/validation/validate-memory-index.go:668.89,675.32 3 28
github.com/peterkloss/brain/packages/validation/validate-memory-index.go:675.32,676.57 1 39
github.com/peterkloss/brain/packages/validation/validate-memory-index.go:676.57,681.4 3 2
github.com/peterkloss/brain/packages/validation/validate-memory-index.go:684.2,684.15 1 28
github.com/peterkloss/brain/packages/validation/validate-memory-index.go:688.111,695.34 3 24
github.com/peterkloss/brain/packages/validation/validate-memory-index.go:695.34,699.3 3 1
github.com/peterkloss/brain/packages/validation/validate-memory-index.go:701.2,702.16 2 23
github.com/peterkloss/brain/packages/validation/validate-memory-index.go:702.16,706.3 3 0
github.com/peterkloss/brain/packages/validation/validate-memory-index.go:708.2,711.38 2 23
github.com/peterkloss/brain/packages/validation/validate-memory-index.go:711.38,712.48 1 24
github.com/peterkloss/brain/packages/validation/validate-memory-index.go:712.48,717.4 3 1
github.com/peterkloss/brain/packages/validation/validate-memory-index.go:721.2,724.29 3 23
github.com/peterkloss/brain/packages/validation/validate-memory-index.go:724.29,726.21 2 94
github.com/peterkloss/brain/packages/validation/validate-memory-index.go:726.21,727.12 1 23
github.com/peterkloss/brain/packages/validation/validate-memory-index.go:730.3,734.63 2 71
github.com/peterkloss/brain/packages/validation/validate-memory-index.go:734.63,735.12 1 46
github.com/peterkloss/brain/packages/validation/validate-memory-index.go:739.3,740.38 2 25
github.com/peterkloss/brain/packages/validation/validate-memory-index.go:740.38,742.22 2 25
github.com/peterkloss/brain/packages/validation/validate-memory-index.go:742.22,743.13 1 0
github.com/peterkloss/brain/packages/validation/validate-memory-index.go:746.4,747.28 2 25
github.com/peterkloss/brain/packages/validation/validate-memory-index.go:747.28,752.5 3 2
github.com/peterkloss/brain/packages/validation/validate-memory-index.go:756.2,756.15 1 23
github.com/peterkloss/brain/packages/validation/validate-memory-index.go:760.83,765.35 3 24
github.com/peterkloss/brain/packages/validation/validate-memory-index.go:765.35,767.33 2 25
github.com/peterkloss/brain/packages/validation/validate-memory-index.go:767.33,769.4 1 34
github.com/peterkloss/brain/packages/validation/validate-memory-index.go:773.2,774.16 2 24
github.com/peterkloss/brain/packages/validation/validate-memory-index.go:774.16,776.3 1 0
github.com/peterkloss/brain/packages/validation/validate-memory-index.go:779.2,780.35 2 24
github.com/peterkloss/brain/packages/validation/validate-memory-index.go:780.35,782.3 1 25
github.com/peterkloss/brain/packages/validation/validate-memory-index.go:784.2,788.36 4 24
github.com/peterkloss/brain/packages/validation/validate-memory-index.go:788.36,792.47 2 82
github.com/peterkloss/brain/packages/validation/validate-memory-index.go:792.47,793.12 1 48
github.com/peterkloss/brain/packages/validation/validate-memory-index.go:797.3,797.33 1 34
github.com/peterkloss/brain/packages/validation/validate-memory-index.go:797.33,798.12 1 0
github.com/peterkloss/brain/packages/validation/validate-memory-index.go:802.3,802.77 1 34
github.com/peterkloss/brain/packages/validation/validate-memory-index.go:802.77,808.12 2 1
github.com/peterkloss/brain/packages/validation/validate-memory-index.go:812.3,812.94 1 33
github.com/peterkloss/brain/packages/validation/validate-memory-index.go:812.94,818.12 2 0
github.com/peterkloss/brain/packages/validation/validate-memory-index.go:822.3,822.34 1 33
github.com/peterkloss/brain/packages/validation/validate-memory-index.go:822.34,824.73 2 40
github.com/peterkloss/brain/packages/validation/validate-memory-index.go:824.73,830.5 1 1
github.com/peterkloss/brain/packages/validation/validate-memory-index.go:834.2,834.16 1 24
github.com/peterkloss/brain/packages/validation/validate-memory-index.go:838.77,841.38 2 9
github.com/peterkloss/brain/packages/validation/validate-memory-index.go:841.38,843.3 1 6
github.com/peterkloss/brain/packages/validation/validate-memory-index.go:845.2,845.37 1 9
github.com/peterkloss/brain/packages/validation/validate-memory-index.go:845.37,847.3 1 1
github.com/peterkloss/brain/packages/validation/validate-memory-index.go:849.2,849.38 1 9
github.com/peterkloss/brain/packages/validation/validate-memory-index.go:849.38,851.3 1 1
github.com/peterkloss/brain/packages/validation/validate-memory-index.go:853.2,853.38 1 9
github.com/peterkloss/brain/packages/validation/validate-memory-index.go:853.38,855.3 1 3
github.com/peterkloss/brain/packages/validation/validate-memory-index.go:857.2,857.21 1 9
github.com/peterkloss/brain/packages/validation/validate-memory-index.go:857.21,859.3 1 0
github.com/peterkloss/brain/packages/validation/validate-memory-index.go:861.2,861.121 1 9
github.com/peterkloss/brain/packages/validation/validate-pr-description.go:40.55,45.2 1 23
[...]
github.com/peterkloss/brain/packages/validation/validate-slash-command.go:344.85,345.17 1 4
github.com/peterkloss/brain/packages/validation/validate-slash-command.go:345.17,347.4 1 0
github.com/peterkloss/brain/packages/validation/validate-slash-command.go:349.3,349.16 1 4
github.com/peterkloss/brain/packages/validation/validate-slash-command.go:349.16,351.4 1 2
github.com/peterkloss/brain/packages/validation/validate-slash-command.go:354.3,354.42 1 2
github.com/peterkloss/brain/packages/validation/validate-slash-command.go:354.42,356.4 1 0
github.com/peterkloss/brain/packages/validation/validate-slash-command.go:358.3,360.13 3 2
github.com/peterkloss/brain/packages/validation/validate-slash-command.go:363.2,363.16 1 1
github.com/peterkloss/brain/packages/validation/validate-slash-command.go:363.16,365.3 1 0
github.com/peterkloss/brain/packages/validation/validate-slash-command.go:367.2,367.16 1 1
github.com/peterkloss/brain/packages/validation/validate-slash-command.go:373.83,376.37 2 2
github.com/peterkloss/brain/packages/validation/validate-slash-command.go:376.37,378.42 1 3
github.com/peterkloss/brain/packages/validation/validate-slash-command.go:378.42,379.12 1 1
github.com/peterkloss/brain/packages/validation/validate-slash-command.go:382.3,383.36 2 2
github.com/peterkloss/brain/packages/validation/validate-slash-command.go:386.2,386.16 1 2
github.com/peterkloss/brain/packages/validation/validate-slash-command.go:391.85,395.40 2 50
github.com/peterkloss/brain/packages/validation/validate-slash-command.go:395.40,397.3 1 5
github.com/peterkloss/brain/packages/validation/validate-slash-command.go:400.2,401.20 2 45
github.com/peterkloss/brain/packages/validation/validate-slash-command.go:401.20,403.3 1 0
github.com/peterkloss/brain/packages/validation/validate-slash-command.go:405.2,406.34 2 45
github.com/peterkloss/brain/packages/validation/validate-slash-command.go:406.34,407.43 1 109
github.com/peterkloss/brain/packages/validation/validate-slash-command.go:407.43,409.9 2 44
github.com/peterkloss/brain/packages/validation/validate-slash-command.go:413.2,413.18 1 45
github.com/peterkloss/brain/packages/validation/validate-slash-command.go:413.18,415.3 1 1
github.com/peterkloss/brain/packages/validation/validate-slash-command.go:418.2,423.33 4 44
github.com/peterkloss/brain/packages/validation/validate-slash-command.go:423.33,425.49 2 61
github.com/peterkloss/brain/packages/validation/validate-slash-command.go:425.49,426.12 1 2
github.com/peterkloss/brain/packages/validation/validate-slash-command.go:430.3,431.21 2 59
github.com/peterkloss/brain/packages/validation/validate-slash-command.go:431.21,433.12 2 0
github.com/peterkloss/brain/packages/validation/validate-slash-command.go:436.3,442.14 4 59
github.com/peterkloss/brain/packages/validation/validate-slash-command.go:443.22,444.26 1 40
github.com/peterkloss/brain/packages/validation/validate-slash-command.go:445.24,446.27 1 10
github.com/peterkloss/brain/packages/validation/validate-slash-command.go:447.24,449.77 1 9
github.com/peterkloss/brain/packages/validation/validate-slash-command.go:449.77,451.32 2 9
github.com/peterkloss/brain/packages/validation/validate-slash-command.go:451.32,454.20 3 13
github.com/peterkloss/brain/packages/validation/validate-slash-command.go:454.20,456.7 1 13
github.com/peterkloss/brain/packages/validation/validate-slash-command.go:462.2,462.20 1 44
github.com/peterkloss/brain/packages/validation/validate-slash-command.go:466.39,467.17 1 72
github.com/peterkloss/brain/packages/validation/validate-slash-command.go:467.17,468.83 1 70
github.com/peterkloss/brain/packages/validation/validate-slash-command.go:468.83,470.4 1 2
github.com/peterkloss/brain/packages/validation/validate-slash-command.go:472.2,472.10 1 70
github.com/peterkloss/brain/packages/validation/validate-slash-command.go:476.44,477.20 1 0
github.com/peterkloss/brain/packages/validation/validate-slash-command.go:477.20,479.3 1 0
github.com/peterkloss/brain/packages/validation/validate-slash-command.go:480.2,480.13 1 0
github.com/peterkloss/brain/packages/validation/validate-slash-command.go:484.58,487.31 2 15
github.com/peterkloss/brain/packages/validation/validate-slash-command.go:487.31,488.69 1 68
github.com/peterkloss/brain/packages/validation/validate-slash-command.go:488.69,489.22 1 16
github.com/peterkloss/brain/packages/validation/validate-slash-command.go:490.31,491.82 1 7
github.com/peterkloss/brain/packages/validation/validate-slash-command.go:492.23,493.69 1 0
github.com/peterkloss/brain/packages/validation/validate-slash-command.go:494.32,495.70 1 3
github.com/peterkloss/brain/packages/validation/validate-slash-command.go:496.32,497.84 1 1
github.com/peterkloss/brain/packages/validation/validate-slash-command.go:498.34,499.87 1 2
github.com/peterkloss/brain/packages/validation/validate-slash-command.go:500.29,501.87 1 3
github.com/peterkloss/brain/packages/validation/validate-slash-command.go:506.2,506.22 1 15
github.com/peterkloss/brain/packages/validation/validate-slash-command.go:506.22,508.3 1 0
github.com/peterkloss/brain/packages/validation/validate-slash-command.go:511.2,513.31 3 15
github.com/peterkloss/brain/packages/validation/validate-slash-command.go:513.31,514.19 1 16
github.com/peterkloss/brain/packages/validation/validate-slash-command.go:514.19,517.4 2 16
github.com/peterkloss/brain/packages/validation/validate-slash-command.go:520.2,520.35 1 15
github.com/peterkloss/brain/packages/validation/validate-slash-command.go:524.74,526.28 2 1
github.com/peterkloss/brain/packages/validation/validate-slash-command.go:526.28,527.15 1 4
github.com/peterkloss/brain/packages/validation/validate-slash-command.go:527.15,529.4 1 2
github.com/peterkloss/brain/packages/validation/validate-slash-command.go:531.2,531.14 1 1
github.com/peterkloss/brain/packages/validation/validate-slash-command.go:535.64,537.28 2 1
github.com/peterkloss/brain/packages/validation/validate-slash-command.go:537.28,538.34 1 2
github.com/peterkloss/brain/packages/validation/validate-slash-command.go:538.34,539.69 1 3
github.com/peterkloss/brain/packages/validation/validate-slash-command.go:539.69,541.5 1 2
github.com/peterkloss/brain/packages/validation/validate-slash-command.go:544.2,544.14 1 1
github.com/peterkloss/brain/packages/validation/validate-traceability.go:59.87,71.16 3 9
github.com/peterkloss/brain/packages/validation/validate-traceability.go:71.16,76.3 4 0
github.com/peterkloss/brain/packages/validation/validate-traceability.go:78.2,78.25 1 9
github.com/peterkloss/brain/packages/validation/validate-traceability.go:78.25,83.3 4 1
github.com/peterkloss/brain/packages/validation/validate-traceability.go:86.2,102.34 11 8
github.com/peterkloss/brain/packages/validation/validate-traceability.go:102.34,108.3 1 2
github.com/peterkloss/brain/packages/validation/validate-traceability.go:111.2,111.36 1 8
github.com/peterkloss/brain/packages/validation/validate-traceability.go:111.36,117.3 1 3
github.com/peterkloss/brain/packages/validation/validate-traceability.go:120.2,120.32 1 8
github.com/peterkloss/brain/packages/validation/validate-traceability.go:120.32,126.3 1 1
github.com/peterkloss/brain/packages/validation/validate-traceability.go:128.2,131.28 2 8
github.com/peterkloss/brain/packages/validation/validate-traceability.go:131.28,135.3 3 2
github.com/peterkloss/brain/packages/validation/validate-traceability.go:135.8,135.47 1 6
github.com/peterkloss/brain/packages/validation/validate-traceability.go:135.47,139.3 3 1
github.com/peterkloss/brain/packages/validation/validate-traceability.go:139.8,142.31 3 5
github.com/peterkloss/brain/packages/validation/validate-traceability.go:142.31,144.4 1 1
github.com/peterkloss/brain/packages/validation/validate-traceability.go:144.9,146.4 1 4
github.com/peterkloss/brain/packages/validation/validate-traceability.go:149.2,149.15 1 8
github.com/peterkloss/brain/packages/validation/validate-traceability.go:153.52,163.24 3 11
github.com/peterkloss/brain/packages/validation/validate-traceability.go:163.24,165.3 1 10
github.com/peterkloss/brain/packages/validation/validate-traceability.go:168.2,169.27 2 11
github.com/peterkloss/brain/packages/validation/validate-traceability.go:169.27,171.3 1 10
github.com/peterkloss/brain/packages/validation/validate-traceability.go:174.2,175.25 2 11
github.com/peterkloss/brain/packages/validation/validate-traceability.go:175.25,177.3 1 10
github.com/peterkloss/brain/packages/validation/validate-traceability.go:179.2,179.14 1 11
github.com/peterkloss/brain/packages/validation/validate-traceability.go:183.93,185.16 2 30
github.com/peterkloss/brain/packages/validation/validate-traceability.go:185.16,187.3 1 0
github.com/peterkloss/brain/packages/validation/validate-traceability.go:189.2,189.35 1 30
github.com/peterkloss/brain/packages/validation/validate-traceability.go:189.35,191.35 2 21
github.com/peterkloss/brain/packages/validation/validate-traceability.go:191.35,194.4 2 21
github.com/peterkloss/brain/packages/validation/validate-traceability.go:199.61,201.16 2 26
github.com/peterkloss/brain/packages/validation/validate-traceability.go:201.16,203.3 1 1
github.com/peterkloss/brain/packages/validation/validate-traceability.go:205.2,210.20 4 25
github.com/peterkloss/brain/packages/validation/validate-traceability.go:210.20,212.3 1 1
github.com/peterkloss/brain/packages/validation/validate-traceability.go:214.2,222.75 4 24
github.com/peterkloss/brain/packages/validation/validate-traceability.go:222.75,224.3 1 24
github.com/peterkloss/brain/packages/validation/validate-traceability.go:227.2,228.69 2 24
github.com/peterkloss/brain/packages/validation/validate-traceability.go:228.69,230.3 1 24
github.com/peterkloss/brain/packages/validation/validate-traceability.go:233.2,234.81 2 24
github.com/peterkloss/brain/packages/validation/validate-traceability.go:234.81,236.3 1 24
github.com/peterkloss/brain/packages/validation/validate-traceability.go:239.2,240.84 2 24
github.com/peterkloss/brain/packages/validation/validate-traceability.go:240.84,244.30 4 16
github.com/peterkloss/brain/packages/validation/validate-traceability.go:244.30,245.21 1 18
github.com/peterkloss/brain/packages/validation/validate-traceability.go:245.21,247.5 1 18
github.com/peterkloss/brain/packages/validation/validate-traceability.go:251.2,251.15 1 24
github.com/peterkloss/brain/packages/validation/validate-traceability.go:263.74,277.40 4 21
github.com/peterkloss/brain/packages/validation/validate-traceability.go:277.40,279.3 1 16
github.com/peterkloss/brain/packages/validation/validate-traceability.go:280.2,280.38 1 21
github.com/peterkloss/brain/packages/validation/validate-traceability.go:280.38,282.3 1 20
github.com/peterkloss/brain/packages/validation/validate-traceability.go:285.2,285.40 1 21
github.com/peterkloss/brain/packages/validation/validate-traceability.go:285.40,287.42 2 20
github.com/peterkloss/brain/packages/validation/validate-traceability.go:287.42,288.47 1 20
github.com/peterkloss/brain/packages/validation/validate-traceability.go:288.47,290.54 2 20
github.com/peterkloss/brain/packages/validation/validate-traceability.go:290.54,292.6 1 17
github.com/peterkloss/brain/packages/validation/validate-traceability.go:292.11,300.6 1 3
github.com/peterkloss/brain/packages/validation/validate-traceability.go:305.3,305.20 1 20
github.com/peterkloss/brain/packages/validation/validate-traceability.go:305.20,311.4 1 1
github.com/peterkloss/brain/packages/validation/validate-traceability.go:315.2,315.46 1 21
github.com/peterkloss/brain/packages/validation/validate-traceability.go:315.46,316.44 1 20
github.com/peterkloss/brain/packages/validation/validate-traceability.go:316.44,317.44 1 14
github.com/peterkloss/brain/packages/validation/validate-traceability.go:317.44,318.59 1 14
github.com/peterkloss/brain/packages/validation/validate-traceability.go:318.59,320.6 1 12
github.com/peterkloss/brain/packages/validation/validate-traceability.go:320.11,328.6 1 2
github.com/peterkloss/brain/packages/validation/validate-traceability.go:334.2,334.40 1 21
github.com/peterkloss/brain/packages/validation/validate-traceability.go:334.40,335.31 1 16
github.com/peterkloss/brain/packages/validation/validate-traceability.go:335.31,341.4 1 5
github.com/peterkloss/brain/packages/validation/validate-traceability.go:345.2,345.46 1 21
github.com/peterkloss/brain/packages/validation/validate-traceability.go:345.46,347.44 2 20
github.com/peterkloss/brain/packages/validation/validate-traceability.go:347.44,348.44 1 13
github.com/peterkloss/brain/packages/validation/validate-traceability.go:348.44,350.10 2 13
github.com/peterkloss/brain/packages/validation/validate-traceability.go:353.3,355.17 2 20
github.com/peterkloss/brain/packages/validation/validate-traceability.go:355.17,361.4 1 7
github.com/peterkloss/brain/packages/validation/validate-traceability.go:363.3,363.18 1 20
github.com/peterkloss/brain/packages/validation/validate-traceability.go:363.18,369.4 1 3
github.com/peterkloss/brain/packages/validation/validate-traceability.go:371.3,371.30 1 20
github.com/peterkloss/brain/packages/validation/validate-traceability.go:371.30,373.4 1 11
github.com/peterkloss/brain/packages/validation/validate-traceability.go:377.2,383.40 2 21
github.com/peterkloss/brain/packages/validation/validate-traceability.go:383.40,384.54 1 20
github.com/peterkloss/brain/packages/validation/validate-traceability.go:384.54,385.43 1 13
github.com/peterkloss/brain/packages/validation/validate-traceability.go:385.43,386.48 1 14
github.com/peterkloss/brain/packages/validation/validate-traceability.go:386.48,387.60 1 14
github.com/peterkloss/brain/packages/validation/validate-traceability.go:387.60,388.61 1 14
github.com/peterkloss/brain/packages/validation/validate-traceability.go:388.61,395.8 1 3
github.com/peterkloss/brain/packages/validation/validate-traceability.go:402.2,402.15 1 21
github.com/peterkloss/brain/packages/validation/validate-traceability.go:407.91,408.16 1 4
github.com/peterkloss/brain/packages/validation/validate-traceability.go:409.14,410.40 1 1
github.com/peterkloss/brain/packages/validation/validate-traceability.go:411.18,412.44 1 1
github.com/peterkloss/brain/packages/validation/validate-traceability.go:413.10,414.43 1 2
github.com/peterkloss/brain/packages/validation/validate-traceability.go:418.73,420.16 2 1
github.com/peterkloss/brain/packages/validation/validate-traceability.go:420.16,422.3 1 0
github.com/peterkloss/brain/packages/validation/validate-traceability.go:423.2,423.21 1 1
github.com/peterkloss/brain/packages/validation/validate-traceability.go:426.77,441.28 13 1
github.com/peterkloss/brain/packages/validation/validate-traceability.go:441.28,443.35 2 1
github.com/peterkloss/brain/packages/validation/validate-traceability.go:443.35,445.4 1 1
github.com/peterkloss/brain/packages/validation/validate-traceability.go:446.3,446.23 1 1
github.com/peterkloss/brain/packages/validation/validate-traceability.go:449.2,449.30 1 1
github.com/peterkloss/brain/packages/validation/validate-traceability.go:449.30,451.37 2 1
github.com/peterkloss/brain/packages/validation/validate-traceability.go:451.37,453.4 1 1
github.com/peterkloss/brain/packages/validation/validate-traceability.go:454.3,454.23 1 1
github.com/peterkloss/brain/packages/validation/validate-traceability.go:457.2,457.26 1 1
github.com/peterkloss/brain/packages/validation/validate-traceability.go:457.26,459.33 2 0
github.com/peterkloss/brain/packages/validation/validate-traceability.go:459.33,461.4 1 0
github.com/peterkloss/brain/packages/validation/validate-traceability.go:462.3,462.23 1 0
github.com/peterkloss/brain/packages/validation/validate-traceability.go:465.2,465.20 1 1
github.com/peterkloss/brain/packages/validation/validate-traceability.go:468.76,479.28 9 2
github.com/peterkloss/brain/packages/validation/validate-traceability.go:479.28,481.35 2 0
github.com/peterkloss/brain/packages/validation/validate-traceability.go:481.35,483.4 1 0
github.com/peterkloss/brain/packages/validation/validate-traceability.go:484.3,484.23 1 0
github.com/peterkloss/brain/packages/validation/validate-traceability.go:487.2,487.30 1 2
github.com/peterkloss/brain/packages/validation/validate-traceability.go:487.30,489.37 2 0
github.com/peterkloss/brain/packages/validation/validate-traceability.go:489.37,491.4 1 0
github.com/peterkloss/brain/packages/validation/validate-traceability.go:492.3,492.23 1 0
github.com/peterkloss/brain/packages/validation/validate-traceability.go:495.2,495.26 1 2
github.com/peterkloss/brain/packages/validation/validate-traceability.go:495.26,497.33 2 0
github.com/peterkloss/brain/packages/validation/validate-traceability.go:497.33,499.4 1 0
github.com/peterkloss/brain/packages/validation/validate-traceability.go:500.3,500.23 1 0
github.com/peterkloss/brain/packages/validation/validate-traceability.go:503.2,503.58 1 2
github.com/peterkloss/brain/packages/validation/validate-traceability.go:503.58,505.3 1 2
github.com/peterkloss/brain/packages/validation/validate-traceability.go:507.2,507.20 1 2
github.com/peterkloss/brain/packages/validation/validate-traceability.go:512.138,521.37 2 7
github.com/peterkloss/brain/packages/validation/validate-traceability.go:521.37,523.3 1 4
github.com/peterkloss/brain/packages/validation/validate-traceability.go:524.2,524.32 1 7
github.com/peterkloss/brain/packages/validation/validate-traceability.go:524.32,526.3 1 7
github.com/peterkloss/brain/packages/validation/validate-traceability.go:527.2,527.30 1 7
github.com/peterkloss/brain/packages/validation/validate-traceability.go:527.30,529.3 1 7
github.com/peterkloss/brain/packages/validation/validate-traceability.go:531.2,552.34 11 7
github.com/peterkloss/brain/packages/validation/validate-traceability.go:552.34,558.3 1 1
github.com/peterkloss/brain/packages/validation/validate-traceability.go:559.2,559.36 1 7
github.com/peterkloss/brain/packages/validation/validate-traceability.go:559.36,565.3 1 3
github.com/peterkloss/brain/packages/validation/validate-traceability.go:566.2,566.32 1 7
github.com/peterkloss/brain/packages/validation/validate-traceability.go:566.32,572.3 1 1
github.com/peterkloss/brain/packages/validation/validate-traceability.go:573.2,576.28 2 7
github.com/peterkloss/brain/packages/validation/validate-traceability.go:576.28,580.3 3 1
github.com/peterkloss/brain/packages/validation/validate-traceability.go:580.8,580.47 1 6
github.com/peterkloss/brain/packages/validation/validate-traceability.go:580.47,584.3 3 0
github.com/peterkloss/brain/packages/validation/validate-traceability.go:584.8,587.31 3 6
github.com/peterkloss/brain/packages/validation/validate-traceability.go:587.31,589.4 1 3
github.com/peterkloss/brain/packages/validation/validate-traceability.go:589.9,591.4 1 3
github.com/peterkloss/brain/packages/validation/validate-traceability.go:594.2,594.15 1 7
github.com/peterkloss/brain/packages/validation/validate-workflow.go:5.61,16.22 4 0
github.com/peterkloss/brain/packages/validation/validate-workflow.go:16.22,22.3 1 0
github.com/peterkloss/brain/packages/validation/validate-workflow.go:22.8,22.35 1 0
github.com/peterkloss/brain/packages/validation/validate-workflow.go:22.35,28.3 1 0
github.com/peterkloss/brain/packages/validation/validate-workflow.go:28.8,35.3 2 0
github.com/peterkloss/brain/packages/validation/validate-workflow.go:38.2,38.28 1 0
github.com/peterkloss/brain/packages/validation/validate-workflow.go:38.28,39.23 1 0
github.com/peterkloss/brain/packages/validation/validate-workflow.go:39.23,45.4 1 0
github.com/peterkloss/brain/packages/validation/validate-workflow.go:45.9,52.4 2 0
github.com/peterkloss/brain/packages/validation/validate-workflow.go:55.2,60.15 2 0
github.com/peterkloss/brain/packages/validation/validate-workflow.go:60.15,62.3 1 0
github.com/peterkloss/brain/packages/validation/validate-workflow.go:62.8,65.3 2 0
github.com/peterkloss/brain/packages/validation/validate-workflow.go:67.2,67.15 1 0
